nsintegrator_d@.c: In function ‘INFO_exception’:
nsintegrator_d@.c:8: error: storage size of ‘var’ isn’t known
nsintegrator_d@.c:8: error: ‘Info’ undeclared (first use in this function)
nsintegrator_d@.c:8: error: (Each undeclared identifier is reported only once
nsintegrator_d@.c:8: error: for each function it appears in.)
nsintegrator_d@.c:8: error: expected ‘;’ before ‘info’
nsintegrator_d@.c:8: error: ‘info’ undeclared (first use in this function)
nsintegrator_d@.c:9: error: ‘caddr_t’ undeclared (first use in this function)
nsintegrator_d@.c:9: warning: incompatible implicit declaration of built-in function ‘strcat’
nsintegrator_d@.c:10: warning: incompatible implicit declaration of built-in function ‘strlen’
nsintegrator_d@.c:10: warning: incompatible implicit declaration of built-in function ‘printf’
nsintegrator_d@.c:12: warning: incompatible implicit declaration of built-in function ‘printf’
nsintegrator_d@.c:14: warning: incompatible implicit declaration of built-in function ‘printf’
nsintegrator_d@.c:16: warning: incompatible implicit declaration of built-in function ‘printf’
nsintegrator_d@.c:18: warning: incompatible implicit declaration of built-in function ‘printf’
nsintegrator_d@.c: At top level:
nsintegrator_d@.c:21: error: expected identifier or ‘(’ before ‘)’ token
nsintegrator_d@.c:31: error: expected identifier or ‘(’ before ‘)’ token
nsintegrator_d@.c:41: error: ‘INFO__IO_FILE’ redeclared as different kind of symbol
nsintegrator_d@.c:21: error: previous declaration of ‘INFO__IO_FILE’ was here
nsintegrator_d@.c: In function ‘INFO__IO_FILE’:
nsintegrator_d@.c:42: error: storage size of ‘var’ isn’t known
nsintegrator_d@.c:42: error: ‘Info’ undeclared (first use in this function)
nsintegrator_d@.c:42: error: expected ‘;’ before ‘info’
nsintegrator_d@.c:42: error: ‘info’ undeclared (first use in this function)
nsintegrator_d@.c:43: error: ‘caddr_t’ undeclared (first use in this function)
nsintegrator_d@.c:43: warning: incompatible implicit declaration of built-in function ‘strcat’
nsintegrator_d@.c:44: warning: incompatible implicit declaration of built-in function ‘strlen’
nsintegrator_d@.c:44: warning: incompatible implicit declaration of built-in function ‘printf’
nsintegrator_d@.c:46: warning: incompatible implicit declaration of built-in function ‘printf’
nsintegrator_d@.c:48: warning: incompatible implicit declaration of built-in function ‘printf’
nsintegrator_d@.c:50: warning: incompatible implicit declaration of built-in function ‘printf’
nsintegrator_d@.c:52: warning: incompatible implicit declaration of built-in function ‘printf’
nsintegrator_d@.c:54: warning: incompatible implicit declaration of built-in function ‘printf’
nsintegrator_d@.c:56: warning: incompatible implicit declaration of built-in function ‘printf’
nsintegrator_d@.c:58: warning: incompatible implicit declaration of built-in function ‘printf’
nsintegrator_d@.c:60: warning: incompatible implicit declaration of built-in function ‘printf’
nsintegrator_d@.c:62: warning: incompatible implicit declaration of built-in function ‘printf’
nsintegrator_d@.c:64: warning: incompatible implicit declaration of built-in function ‘printf’
nsintegrator_d@.c:66: warning: incompatible implicit declaration of built-in function ‘printf’
nsintegrator_d@.c:67: error: invalid application of ‘sizeof’ to incomplete type ‘struct _IO_marker’ 
nsintegrator_d@.c:68: warning: incompatible implicit declaration of built-in function ‘printf’
nsintegrator_d@.c:69: error: invalid application of ‘sizeof’ to incomplete type ‘struct _IO_FILE’ 
nsintegrator_d@.c:70: warning: incompatible implicit declaration of built-in function ‘printf’
nsintegrator_d@.c:72: warning: incompatible implicit declaration of built-in function ‘printf’
nsintegrator_d@.c:74: warning: incompatible implicit declaration of built-in function ‘printf’
nsintegrator_d@.c:75: error: ‘__off_t’ undeclared (first use in this function)
nsintegrator_d@.c:76: warning: incompatible implicit declaration of built-in function ‘printf’
nsintegrator_d@.c:78: warning: incompatible implicit declaration of built-in function ‘printf’
nsintegrator_d@.c:79: error: expected identifier before ‘char’
nsintegrator_d@.c:80: warning: incompatible implicit declaration of built-in function ‘printf’
nsintegrator_d@.c:82: warning: incompatible implicit declaration of built-in function ‘printf’
nsintegrator_d@.c:83: error: ‘_IO_lock_t’ undeclared (first use in this function)
nsintegrator_d@.c:84: warning: incompatible implicit declaration of built-in function ‘printf’
nsintegrator_d@.c:85: error: ‘__off64_t’ undeclared (first use in this function)
nsintegrator_d@.c:86: warning: incompatible implicit declaration of built-in function ‘printf’
nsintegrator_d@.c:88: warning: incompatible implicit declaration of built-in function ‘printf’
nsintegrator_d@.c:90: warning: incompatible implicit declaration of built-in function ‘printf’
nsintegrator_d@.c:92: warning: incompatible implicit declaration of built-in function ‘printf’
nsintegrator_d@.c:94: warning: incompatible implicit declaration of built-in function ‘printf’
nsintegrator_d@.c:95: error: ‘size_t’ undeclared (first use in this function)
nsintegrator_d@.c:96: warning: incompatible implicit declaration of built-in function ‘printf’
nsintegrator_d@.c:98: warning: incompatible implicit declaration of built-in function ‘printf’
nsintegrator_d@.c:100: warning: incompatible implicit declaration of built-in function ‘printf’
nsintegrator_d@.c: At top level:
nsintegrator_d@.c:103: error: expected identifier or ‘(’ before ‘)’ token
nsintegrator_d@.c: In function ‘INFO_timespec’:
nsintegrator_d@.c:112: error: storage size of ‘var’ isn’t known
nsintegrator_d@.c:112: error: ‘Info’ undeclared (first use in this function)
nsintegrator_d@.c:112: error: expected ‘;’ before ‘info’
nsintegrator_d@.c:112: error: ‘info’ undeclared (first use in this function)
nsintegrator_d@.c:113: error: ‘caddr_t’ undeclared (first use in this function)
nsintegrator_d@.c:113: error: ‘__time_t’ undeclared (first use in this function)
nsintegrator_d@.c:113: warning: incompatible implicit declaration of built-in function ‘strcat’
nsintegrator_d@.c:114: warning: incompatible implicit declaration of built-in function ‘strlen’
nsintegrator_d@.c:114: warning: incompatible implicit declaration of built-in function ‘printf’
nsintegrator_d@.c:115: error: expected identifier before ‘int’
nsintegrator_d@.c:116: warning: incompatible implicit declaration of built-in function ‘printf’
nsintegrator_d@.c: In function ‘INFO_timeval’:
nsintegrator_d@.c:120: error: storage size of ‘var’ isn’t known
nsintegrator_d@.c:120: error: ‘Info’ undeclared (first use in this function)
nsintegrator_d@.c:120: error: expected ‘;’ before ‘info’
nsintegrator_d@.c:120: error: ‘info’ undeclared (first use in this function)
nsintegrator_d@.c:121: error: ‘caddr_t’ undeclared (first use in this function)
nsintegrator_d@.c:121: error: ‘__time_t’ undeclared (first use in this function)
nsintegrator_d@.c:121: warning: incompatible implicit declaration of built-in function ‘strcat’
nsintegrator_d@.c:122: warning: incompatible implicit declaration of built-in function ‘strlen’
nsintegrator_d@.c:122: warning: incompatible implicit declaration of built-in function ‘printf’
nsintegrator_d@.c:123: error: ‘__suseconds_t’ undeclared (first use in this function)
nsintegrator_d@.c:124: warning: incompatible implicit declaration of built-in function ‘printf’
nsintegrator_d@.c: In function ‘INFO_random_data’:
nsintegrator_d@.c:128: error: storage size of ‘var’ isn’t known
nsintegrator_d@.c:128: error: ‘Info’ undeclared (first use in this function)
nsintegrator_d@.c:128: error: expected ‘;’ before ‘info’
nsintegrator_d@.c:128: error: ‘info’ undeclared (first use in this function)
nsintegrator_d@.c:129: error: ‘caddr_t’ undeclared (first use in this function)
nsintegrator_d@.c:129: error: ‘int32_t’ undeclared (first use in this function)
nsintegrator_d@.c:129: warning: incompatible implicit declaration of built-in function ‘strcat’
nsintegrator_d@.c:130: warning: incompatible implicit declaration of built-in function ‘strlen’
nsintegrator_d@.c:130: warning: incompatible implicit declaration of built-in function ‘printf’
nsintegrator_d@.c:132: warning: incompatible implicit declaration of built-in function ‘printf’
nsintegrator_d@.c:134: warning: incompatible implicit declaration of built-in function ‘printf’
nsintegrator_d@.c:136: warning: incompatible implicit declaration of built-in function ‘printf’
nsintegrator_d@.c:138: warning: incompatible implicit declaration of built-in function ‘printf’
nsintegrator_d@.c:140: warning: incompatible implicit declaration of built-in function ‘printf’
nsintegrator_d@.c:142: warning: incompatible implicit declaration of built-in function ‘printf’
nsintegrator_d@.c: In function ‘INFO_drand48_data’:
nsintegrator_d@.c:146: error: storage size of ‘var’ isn’t known
nsintegrator_d@.c:146: error: ‘Info’ undeclared (first use in this function)
nsintegrator_d@.c:146: error: expected ‘;’ before ‘info’
nsintegrator_d@.c:146: error: ‘info’ undeclared (first use in this function)
nsintegrator_d@.c:147: error: ‘caddr_t’ undeclared (first use in this function)
nsintegrator_d@.c:147: error: expected identifier before ‘int’
nsintegrator_d@.c:147: warning: incompatible implicit declaration of built-in function ‘strcat’
nsintegrator_d@.c:148: warning: incompatible implicit declaration of built-in function ‘strlen’
nsintegrator_d@.c:148: warning: incompatible implicit declaration of built-in function ‘printf’
nsintegrator_d@.c:149: error: expected identifier before ‘int’
nsintegrator_d@.c:150: warning: incompatible implicit declaration of built-in function ‘printf’
nsintegrator_d@.c:151: error: expected identifier before ‘int’
nsintegrator_d@.c:152: warning: incompatible implicit declaration of built-in function ‘printf’
nsintegrator_d@.c:153: error: expected identifier before ‘int’
nsintegrator_d@.c:154: warning: incompatible implicit declaration of built-in function ‘printf’
nsintegrator_d@.c:155: error: expected identifier before ‘long’
nsintegrator_d@.c:156: warning: incompatible implicit declaration of built-in function ‘printf’
nsintegrator_d@.c: In function ‘INFO_object_type’:
nsintegrator_d@.c:160: error: storage size of ‘var’ isn’t known
nsintegrator_d@.c:160: error: ‘Info’ undeclared (first use in this function)
nsintegrator_d@.c:160: error: expected ‘;’ before ‘info’
nsintegrator_d@.c:160: error: ‘info’ undeclared (first use in this function)
nsintegrator_d@.c:161: error: ‘caddr_t’ undeclared (first use in this function)
nsintegrator_d@.c:161: warning: incompatible implicit declaration of built-in function ‘strcat’
nsintegrator_d@.c:162: warning: incompatible implicit declaration of built-in function ‘strlen’
nsintegrator_d@.c:162: warning: incompatible implicit declaration of built-in function ‘printf’
nsintegrator_d@.c:164: warning: incompatible implicit declaration of built-in function ‘printf’
nsintegrator_d@.c:166: warning: incompatible implicit declaration of built-in function ‘printf’
nsintegrator_d@.c:167: error: ‘PFI’ undeclared (first use in this function)
nsintegrator_d@.c:168: warning: incompatible implicit declaration of built-in function ‘printf’
nsintegrator_d@.c:170: warning: incompatible implicit declaration of built-in function ‘printf’
nsintegrator_d@.c:171: error: ‘ClassList’ undeclared (first use in this function)
nsintegrator_d@.c:172: warning: incompatible implicit declaration of built-in function ‘printf’
nsintegrator_d@.c:173: error: ‘ActionList’ undeclared (first use in this function)
nsintegrator_d@.c:174: warning: incompatible implicit declaration of built-in function ‘printf’
nsintegrator_d@.c:175: error: ‘MsgList’ undeclared (first use in this function)
nsintegrator_d@.c:176: warning: incompatible implicit declaration of built-in function ‘printf’
nsintegrator_d@.c:177: error: ‘FieldList’ undeclared (first use in this function)
nsintegrator_d@.c:178: warning: incompatible implicit declaration of built-in function ‘printf’
nsintegrator_d@.c:180: warning: incompatible implicit declaration of built-in function ‘printf’
nsintegrator_d@.c:182: warning: incompatible implicit declaration of built-in function ‘printf’
nsintegrator_d@.c:184: warning: incompatible implicit declaration of built-in function ‘printf’
nsintegrator_d@.c:185: error: ‘Element’ undeclared (first use in this function)
nsintegrator_d@.c:186: warning: incompatible implicit declaration of built-in function ‘printf’
nsintegrator_d@.c:187: error: ‘GenesisObject’ undeclared (first use in this function)
nsintegrator_d@.c:188: warning: incompatible implicit declaration of built-in function ‘printf’
nsintegrator_d@.c: In function ‘INFO_mask_type’:
nsintegrator_d@.c:192: error: storage size of ‘var’ isn’t known
nsintegrator_d@.c:192: error: ‘Info’ undeclared (first use in this function)
nsintegrator_d@.c:192: error: expected ‘;’ before ‘info’
nsintegrator_d@.c:192: error: ‘info’ undeclared (first use in this function)
nsintegrator_d@.c:193: error: ‘caddr_t’ undeclared (first use in this function)
nsintegrator_d@.c:193: warning: incompatible implicit declaration of built-in function ‘strcat’
nsintegrator_d@.c:194: warning: incompatible implicit declaration of built-in function ‘strlen’
nsintegrator_d@.c:194: warning: incompatible implicit declaration of built-in function ‘printf’
nsintegrator_d@.c:196: warning: incompatible implicit declaration of built-in function ‘printf’
nsintegrator_d@.c:198: warning: incompatible implicit declaration of built-in function ‘printf’
nsintegrator_d@.c:200: warning: incompatible implicit declaration of built-in function ‘printf’
nsintegrator_d@.c:202: warning: incompatible implicit declaration of built-in function ‘printf’
nsintegrator_d@.c: In function ‘INFO_region_type’:
nsintegrator_d@.c:206: error: storage size of ‘var’ isn’t known
nsintegrator_d@.c:206: error: ‘Info’ undeclared (first use in this function)
nsintegrator_d@.c:206: error: expected ‘;’ before ‘info’
nsintegrator_d@.c:206: error: ‘info’ undeclared (first use in this function)
nsintegrator_d@.c:207: error: ‘caddr_t’ undeclared (first use in this function)
nsintegrator_d@.c:207: warning: incompatible implicit declaration of built-in function ‘strcat’
nsintegrator_d@.c:208: warning: incompatible implicit declaration of built-in function ‘strlen’
nsintegrator_d@.c:208: warning: incompatible implicit declaration of built-in function ‘printf’
nsintegrator_d@.c:210: warning: incompatible implicit declaration of built-in function ‘printf’
nsintegrator_d@.c:212: warning: incompatible implicit declaration of built-in function ‘printf’
nsintegrator_d@.c:214: warning: incompatible implicit declaration of built-in function ‘printf’
nsintegrator_d@.c:216: warning: incompatible implicit declaration of built-in function ‘printf’
nsintegrator_d@.c: In function ‘INFO_region_mask_type’:
nsintegrator_d@.c:220: error: storage size of ‘var’ isn’t known
nsintegrator_d@.c:220: error: ‘Info’ undeclared (first use in this function)
nsintegrator_d@.c:220: error: expected ‘;’ before ‘info’
nsintegrator_d@.c:220: error: ‘info’ undeclared (first use in this function)
nsintegrator_d@.c:221: error: ‘caddr_t’ undeclared (first use in this function)
nsintegrator_d@.c:221: warning: incompatible implicit declaration of built-in function ‘strcat’
nsintegrator_d@.c:222: warning: incompatible implicit declaration of built-in function ‘strlen’
nsintegrator_d@.c:222: warning: incompatible implicit declaration of built-in function ‘printf’
nsintegrator_d@.c:224: warning: incompatible implicit declaration of built-in function ‘printf’
nsintegrator_d@.c:226: warning: incompatible implicit declaration of built-in function ‘printf’
nsintegrator_d@.c:228: warning: incompatible implicit declaration of built-in function ‘printf’
nsintegrator_d@.c:230: warning: incompatible implicit declaration of built-in function ‘printf’
nsintegrator_d@.c: In function ‘INFO_delay_table_type’:
nsintegrator_d@.c:234: error: storage size of ‘var’ isn’t known
nsintegrator_d@.c:234: error: ‘Info’ undeclared (first use in this function)
nsintegrator_d@.c:234: error: expected ‘;’ before ‘info’
nsintegrator_d@.c:234: error: ‘info’ undeclared (first use in this function)
nsintegrator_d@.c:235: error: ‘caddr_t’ undeclared (first use in this function)
nsintegrator_d@.c:235: warning: incompatible implicit declaration of built-in function ‘strcat’
nsintegrator_d@.c:236: warning: incompatible implicit declaration of built-in function ‘strlen’
nsintegrator_d@.c:236: warning: incompatible implicit declaration of built-in function ‘printf’
nsintegrator_d@.c:238: warning: incompatible implicit declaration of built-in function ‘printf’
nsintegrator_d@.c:240: warning: incompatible implicit declaration of built-in function ‘printf’
nsintegrator_d@.c:242: warning: incompatible implicit declaration of built-in function ‘printf’
nsintegrator_d@.c:244: warning: incompatible implicit declaration of built-in function ‘printf’
nsintegrator_d@.c: In function ‘INFO_map_type’:
nsintegrator_d@.c:248: error: storage size of ‘var’ isn’t known
nsintegrator_d@.c:248: error: ‘Info’ undeclared (first use in this function)
nsintegrator_d@.c:248: error: expected ‘;’ before ‘info’
nsintegrator_d@.c:248: error: ‘info’ undeclared (first use in this function)
nsintegrator_d@.c:249: error: ‘caddr_t’ undeclared (first use in this function)
nsintegrator_d@.c:249: warning: incompatible implicit declaration of built-in function ‘strcat’
nsintegrator_d@.c:250: warning: incompatible implicit declaration of built-in function ‘strlen’
nsintegrator_d@.c:250: warning: incompatible implicit declaration of built-in function ‘printf’
nsintegrator_d@.c:252: warning: incompatible implicit declaration of built-in function ‘printf’
nsintegrator_d@.c:254: warning: incompatible implicit declaration of built-in function ‘printf’
nsintegrator_d@.c:256: warning: incompatible implicit declaration of built-in function ‘printf’
nsintegrator_d@.c:258: warning: incompatible implicit declaration of built-in function ‘printf’
nsintegrator_d@.c:260: warning: incompatible implicit declaration of built-in function ‘printf’
nsintegrator_d@.c:261: error: ‘Element’ undeclared (first use in this function)
nsintegrator_d@.c:262: warning: incompatible implicit declaration of built-in function ‘printf’
nsintegrator_d@.c: In function ‘INFO_segment_map_type’:
nsintegrator_d@.c:266: error: storage size of ‘var’ isn’t known
nsintegrator_d@.c:266: error: ‘Info’ undeclared (first use in this function)
nsintegrator_d@.c:266: error: expected ‘;’ before ‘info’
nsintegrator_d@.c:266: error: ‘info’ undeclared (first use in this function)
nsintegrator_d@.c:267: error: ‘caddr_t’ undeclared (first use in this function)
nsintegrator_d@.c:267: warning: incompatible implicit declaration of built-in function ‘strcat’
nsintegrator_d@.c:268: warning: incompatible implicit declaration of built-in function ‘strlen’
nsintegrator_d@.c:268: warning: incompatible implicit declaration of built-in function ‘printf’
nsintegrator_d@.c:270: warning: incompatible implicit declaration of built-in function ‘printf’
nsintegrator_d@.c:272: warning: incompatible implicit declaration of built-in function ‘printf’
nsintegrator_d@.c:274: warning: incompatible implicit declaration of built-in function ‘printf’
nsintegrator_d@.c:276: warning: incompatible implicit declaration of built-in function ‘printf’
nsintegrator_d@.c:278: warning: incompatible implicit declaration of built-in function ‘printf’
nsintegrator_d@.c:279: error: ‘Segment’ undeclared (first use in this function)
nsintegrator_d@.c:280: warning: incompatible implicit declaration of built-in function ‘printf’
nsintegrator_d@.c: In function ‘INFO_rel_connection_type’:
nsintegrator_d@.c:284: error: storage size of ‘var’ isn’t known
nsintegrator_d@.c:284: error: ‘Info’ undeclared (first use in this function)
nsintegrator_d@.c:284: error: expected ‘;’ before ‘info’
nsintegrator_d@.c:284: error: ‘info’ undeclared (first use in this function)
nsintegrator_d@.c:285: error: ‘caddr_t’ undeclared (first use in this function)
nsintegrator_d@.c:285: warning: incompatible implicit declaration of built-in function ‘strcat’
nsintegrator_d@.c:286: warning: incompatible implicit declaration of built-in function ‘strlen’
nsintegrator_d@.c:286: warning: incompatible implicit declaration of built-in function ‘printf’
nsintegrator_d@.c:288: warning: incompatible implicit declaration of built-in function ‘printf’
nsintegrator_d@.c:290: warning: incompatible implicit declaration of built-in function ‘printf’
nsintegrator_d@.c:292: warning: incompatible implicit declaration of built-in function ‘printf’
nsintegrator_d@.c: In function ‘INFO_converging_connection_type’:
nsintegrator_d@.c:296: error: storage size of ‘var’ isn’t known
nsintegrator_d@.c:296: error: ‘Info’ undeclared (first use in this function)
nsintegrator_d@.c:296: error: expected ‘;’ before ‘info’
nsintegrator_d@.c:296: error: ‘info’ undeclared (first use in this function)
nsintegrator_d@.c:297: error: ‘caddr_t’ undeclared (first use in this function)
nsintegrator_d@.c:297: warning: incompatible implicit declaration of built-in function ‘strcat’
nsintegrator_d@.c:298: warning: incompatible implicit declaration of built-in function ‘strlen’
nsintegrator_d@.c:298: warning: incompatible implicit declaration of built-in function ‘printf’
nsintegrator_d@.c:300: warning: incompatible implicit declaration of built-in function ‘printf’
nsintegrator_d@.c:301: error: invalid application of ‘sizeof’ to incomplete type ‘struct object_type’ 
nsintegrator_d@.c:302: warning: incompatible implicit declaration of built-in function ‘printf’
nsintegrator_d@.c:304: warning: incompatible implicit declaration of built-in function ‘printf’
nsintegrator_d@.c:306: warning: incompatible implicit declaration of built-in function ‘printf’
nsintegrator_d@.c:308: warning: incompatible implicit declaration of built-in function ‘printf’
nsintegrator_d@.c:310: warning: incompatible implicit declaration of built-in function ‘printf’
nsintegrator_d@.c:312: warning: incompatible implicit declaration of built-in function ‘printf’
nsintegrator_d@.c:314: warning: incompatible implicit declaration of built-in function ‘printf’
nsintegrator_d@.c:316: warning: incompatible implicit declaration of built-in function ‘printf’
nsintegrator_d@.c:317: error: ‘Msg’ undeclared (first use in this function)
nsintegrator_d@.c:318: warning: incompatible implicit declaration of built-in function ‘printf’
nsintegrator_d@.c:320: warning: incompatible implicit declaration of built-in function ‘printf’
nsintegrator_d@.c:322: warning: incompatible implicit declaration of built-in function ‘printf’
nsintegrator_d@.c:324: warning: incompatible implicit declaration of built-in function ‘printf’
nsintegrator_d@.c:326: warning: incompatible implicit declaration of built-in function ‘printf’
nsintegrator_d@.c:327: error: ‘GenesisObject’ undeclared (first use in this function)
nsintegrator_d@.c:328: warning: incompatible implicit declaration of built-in function ‘printf’
nsintegrator_d@.c:329: error: ‘Element’ undeclared (first use in this function)
nsintegrator_d@.c:330: warning: incompatible implicit declaration of built-in function ‘printf’
nsintegrator_d@.c:332: warning: incompatible implicit declaration of built-in function ‘printf’
nsintegrator_d@.c:334: warning: incompatible implicit declaration of built-in function ‘printf’
nsintegrator_d@.c:336: warning: incompatible implicit declaration of built-in function ‘printf’
nsintegrator_d@.c:337: error: ‘Connection’ undeclared (first use in this function)
nsintegrator_d@.c:338: warning: incompatible implicit declaration of built-in function ‘printf’
nsintegrator_d@.c:339: error: ‘Projection’ undeclared (first use in this function)
nsintegrator_d@.c:340: warning: incompatible implicit declaration of built-in function ‘printf’
nsintegrator_d@.c: In function ‘INFO_from_element_type’:
nsintegrator_d@.c:344: error: storage size of ‘var’ isn’t known
nsintegrator_d@.c:344: error: ‘Info’ undeclared (first use in this function)
nsintegrator_d@.c:344: error: expected ‘;’ before ‘info’
nsintegrator_d@.c:344: error: ‘info’ undeclared (first use in this function)
nsintegrator_d@.c:345: error: ‘caddr_t’ undeclared (first use in this function)
nsintegrator_d@.c:345: error: ‘Element’ undeclared (first use in this function)
nsintegrator_d@.c:345: warning: incompatible implicit declaration of built-in function ‘strcat’
nsintegrator_d@.c:346: warning: incompatible implicit declaration of built-in function ‘strlen’
nsintegrator_d@.c:346: warning: incompatible implicit declaration of built-in function ‘printf’
nsintegrator_d@.c:347: error: invalid application of ‘sizeof’ to incomplete type ‘struct from_element_type’ 
nsintegrator_d@.c:348: warning: incompatible implicit declaration of built-in function ‘printf’
nsintegrator_d@.c: In function ‘INFO_projection_parm_type’:
nsintegrator_d@.c:352: error: storage size of ‘var’ isn’t known
nsintegrator_d@.c:352: error: ‘Info’ undeclared (first use in this function)
nsintegrator_d@.c:352: error: expected ‘;’ before ‘info’
nsintegrator_d@.c:352: error: ‘info’ undeclared (first use in this function)
nsintegrator_d@.c:353: error: ‘caddr_t’ undeclared (first use in this function)
nsintegrator_d@.c:353: warning: incompatible implicit declaration of built-in function ‘strcat’
nsintegrator_d@.c:354: warning: incompatible implicit declaration of built-in function ‘strlen’
nsintegrator_d@.c:354: warning: incompatible implicit declaration of built-in function ‘printf’
nsintegrator_d@.c:356: warning: incompatible implicit declaration of built-in function ‘printf’
nsintegrator_d@.c:357: error: invalid application of ‘sizeof’ to incomplete type ‘struct segment_map_type’ 
nsintegrator_d@.c:358: warning: incompatible implicit declaration of built-in function ‘printf’
nsintegrator_d@.c:359: error: invalid application of ‘sizeof’ to incomplete type ‘struct region_mask_type’ 
nsintegrator_d@.c:360: warning: incompatible implicit declaration of built-in function ‘printf’
nsintegrator_d@.c:361: error: invalid application of ‘sizeof’ to incomplete type ‘struct region_mask_type’ 
nsintegrator_d@.c:362: warning: incompatible implicit declaration of built-in function ‘printf’
nsintegrator_d@.c:363: error: invalid application of ‘sizeof’ to incomplete type ‘struct delay_table_type’ 
nsintegrator_d@.c:364: warning: incompatible implicit declaration of built-in function ‘printf’
nsintegrator_d@.c:366: warning: incompatible implicit declaration of built-in function ‘printf’
nsintegrator_d@.c:368: warning: incompatible implicit declaration of built-in function ‘printf’
nsintegrator_d@.c:370: warning: incompatible implicit declaration of built-in function ‘printf’
nsintegrator_d@.c:372: warning: incompatible implicit declaration of built-in function ‘printf’
nsintegrator_d@.c:374: warning: incompatible implicit declaration of built-in function ‘printf’
nsintegrator_d@.c:376: warning: incompatible implicit declaration of built-in function ‘printf’
nsintegrator_d@.c:378: warning: incompatible implicit declaration of built-in function ‘printf’
nsintegrator_d@.c:379: error: invalid application of ‘sizeof’ to incomplete type ‘struct rel_connection_type’ 
nsintegrator_d@.c:380: warning: incompatible implicit declaration of built-in function ‘printf’
nsintegrator_d@.c:381: error: ‘PFI’ undeclared (first use in this function)
nsintegrator_d@.c:382: warning: incompatible implicit declaration of built-in function ‘printf’
nsintegrator_d@.c:384: warning: incompatible implicit declaration of built-in function ‘printf’
nsintegrator_d@.c: In function ‘INFO_info_type’:
nsintegrator_d@.c:388: error: storage size of ‘var’ isn’t known
nsintegrator_d@.c:388: error: ‘Info’ undeclared (first use in this function)
nsintegrator_d@.c:388: error: expected ‘;’ before ‘info’
nsintegrator_d@.c:388: error: ‘info’ undeclared (first use in this function)
nsintegrator_d@.c:389: error: ‘caddr_t’ undeclared (first use in this function)
nsintegrator_d@.c:389: warning: incompatible implicit declaration of built-in function ‘strcat’
nsintegrator_d@.c:390: warning: incompatible implicit declaration of built-in function ‘strlen’
nsintegrator_d@.c:390: warning: incompatible implicit declaration of built-in function ‘printf’
nsintegrator_d@.c:392: warning: incompatible implicit declaration of built-in function ‘printf’
nsintegrator_d@.c:394: warning: incompatible implicit declaration of built-in function ‘printf’
nsintegrator_d@.c:396: warning: incompatible implicit declaration of built-in function ‘printf’
nsintegrator_d@.c:398: warning: incompatible implicit declaration of built-in function ‘printf’
nsintegrator_d@.c:400: warning: incompatible implicit declaration of built-in function ‘printf’
nsintegrator_d@.c:402: warning: incompatible implicit declaration of built-in function ‘printf’
nsintegrator_d@.c:404: warning: incompatible implicit declaration of built-in function ‘printf’
nsintegrator_d@.c:406: warning: incompatible implicit declaration of built-in function ‘printf’
nsintegrator_d@.c:408: warning: incompatible implicit declaration of built-in function ‘printf’
nsintegrator_d@.c:410: warning: incompatible implicit declaration of built-in function ‘printf’
nsintegrator_d@.c:412: warning: incompatible implicit declaration of built-in function ‘printf’
nsintegrator_d@.c:414: warning: incompatible implicit declaration of built-in function ‘printf’
nsintegrator_d@.c: In function ‘INFO_element_type’:
nsintegrator_d@.c:418: error: storage size of ‘var’ isn’t known
nsintegrator_d@.c:418: error: ‘Info’ undeclared (first use in this function)
nsintegrator_d@.c:418: error: expected ‘;’ before ‘info’
nsintegrator_d@.c:418: error: ‘info’ undeclared (first use in this function)
nsintegrator_d@.c:419: error: ‘caddr_t’ undeclared (first use in this function)
nsintegrator_d@.c:419: warning: incompatible implicit declaration of built-in function ‘strcat’
nsintegrator_d@.c:420: warning: incompatible implicit declaration of built-in function ‘strlen’
nsintegrator_d@.c:420: warning: incompatible implicit declaration of built-in function ‘printf’
nsintegrator_d@.c:422: warning: incompatible implicit declaration of built-in function ‘printf’
nsintegrator_d@.c:423: error: invalid application of ‘sizeof’ to incomplete type ‘struct object_type’ 
nsintegrator_d@.c:424: warning: incompatible implicit declaration of built-in function ‘printf’
nsintegrator_d@.c:426: warning: incompatible implicit declaration of built-in function ‘printf’
nsintegrator_d@.c:428: warning: incompatible implicit declaration of built-in function ‘printf’
nsintegrator_d@.c:430: warning: incompatible implicit declaration of built-in function ‘printf’
nsintegrator_d@.c:432: warning: incompatible implicit declaration of built-in function ‘printf’
nsintegrator_d@.c:434: warning: incompatible implicit declaration of built-in function ‘printf’
nsintegrator_d@.c:436: warning: incompatible implicit declaration of built-in function ‘printf’
nsintegrator_d@.c:438: warning: incompatible implicit declaration of built-in function ‘printf’
nsintegrator_d@.c:439: error: ‘Msg’ undeclared (first use in this function)
nsintegrator_d@.c:440: warning: incompatible implicit declaration of built-in function ‘printf’
nsintegrator_d@.c:442: warning: incompatible implicit declaration of built-in function ‘printf’
nsintegrator_d@.c:444: warning: incompatible implicit declaration of built-in function ‘printf’
nsintegrator_d@.c:446: warning: incompatible implicit declaration of built-in function ‘printf’
nsintegrator_d@.c:448: warning: incompatible implicit declaration of built-in function ‘printf’
nsintegrator_d@.c:449: error: ‘GenesisObject’ undeclared (first use in this function)
nsintegrator_d@.c:450: warning: incompatible implicit declaration of built-in function ‘printf’
nsintegrator_d@.c:451: error: ‘Element’ undeclared (first use in this function)
nsintegrator_d@.c:452: warning: incompatible implicit declaration of built-in function ‘printf’
nsintegrator_d@.c:454: warning: incompatible implicit declaration of built-in function ‘printf’
nsintegrator_d@.c:456: warning: incompatible implicit declaration of built-in function ‘printf’
nsintegrator_d@.c:458: warning: incompatible implicit declaration of built-in function ‘printf’
nsintegrator_d@.c: In function ‘INFO_Gelement_type’:
nsintegrator_d@.c:462: error: storage size of ‘var’ isn’t known
nsintegrator_d@.c:462: error: ‘Info’ undeclared (first use in this function)
nsintegrator_d@.c:462: error: expected ‘;’ before ‘info’
nsintegrator_d@.c:462: error: ‘info’ undeclared (first use in this function)
nsintegrator_d@.c:463: error: ‘caddr_t’ undeclared (first use in this function)
nsintegrator_d@.c:463: warning: incompatible implicit declaration of built-in function ‘strcat’
nsintegrator_d@.c:464: warning: incompatible implicit declaration of built-in function ‘strlen’
nsintegrator_d@.c:464: warning: incompatible implicit declaration of built-in function ‘printf’
nsintegrator_d@.c:466: warning: incompatible implicit declaration of built-in function ‘printf’
nsintegrator_d@.c:467: error: invalid application of ‘sizeof’ to incomplete type ‘struct object_type’ 
nsintegrator_d@.c:468: warning: incompatible implicit declaration of built-in function ‘printf’
nsintegrator_d@.c:470: warning: incompatible implicit declaration of built-in function ‘printf’
nsintegrator_d@.c:472: warning: incompatible implicit declaration of built-in function ‘printf’
nsintegrator_d@.c:474: warning: incompatible implicit declaration of built-in function ‘printf’
nsintegrator_d@.c:476: warning: incompatible implicit declaration of built-in function ‘printf’
nsintegrator_d@.c:478: warning: incompatible implicit declaration of built-in function ‘printf’
nsintegrator_d@.c:480: warning: incompatible implicit declaration of built-in function ‘printf’
nsintegrator_d@.c:482: warning: incompatible implicit declaration of built-in function ‘printf’
nsintegrator_d@.c:483: error: ‘Msg’ undeclared (first use in this function)
nsintegrator_d@.c:484: warning: incompatible implicit declaration of built-in function ‘printf’
nsintegrator_d@.c:486: warning: incompatible implicit declaration of built-in function ‘printf’
nsintegrator_d@.c:488: warning: incompatible implicit declaration of built-in function ‘printf’
nsintegrator_d@.c:490: warning: incompatible implicit declaration of built-in function ‘printf’
nsintegrator_d@.c:492: warning: incompatible implicit declaration of built-in function ‘printf’
nsintegrator_d@.c:493: error: ‘GenesisObject’ undeclared (first use in this function)
nsintegrator_d@.c:494: warning: incompatible implicit declaration of built-in function ‘printf’
nsintegrator_d@.c:495: error: ‘Element’ undeclared (first use in this function)
nsintegrator_d@.c:496: warning: incompatible implicit declaration of built-in function ‘printf’
nsintegrator_d@.c:498: warning: incompatible implicit declaration of built-in function ‘printf’
nsintegrator_d@.c:500: warning: incompatible implicit declaration of built-in function ‘printf’
nsintegrator_d@.c:502: warning: incompatible implicit declaration of built-in function ‘printf’
nsintegrator_d@.c:504: warning: incompatible implicit declaration of built-in function ‘printf’
nsintegrator_d@.c:506: warning: incompatible implicit declaration of built-in function ‘printf’
nsintegrator_d@.c:508: warning: incompatible implicit declaration of built-in function ‘printf’
nsintegrator_d@.c: In function ‘INFO_projection_type’:
nsintegrator_d@.c:512: error: storage size of ‘var’ isn’t known
nsintegrator_d@.c:512: error: ‘Info’ undeclared (first use in this function)
nsintegrator_d@.c:512: error: expected ‘;’ before ‘info’
nsintegrator_d@.c:512: error: ‘info’ undeclared (first use in this function)
nsintegrator_d@.c:513: error: ‘caddr_t’ undeclared (first use in this function)
nsintegrator_d@.c:513: warning: incompatible implicit declaration of built-in function ‘strcat’
nsintegrator_d@.c:514: warning: incompatible implicit declaration of built-in function ‘strlen’
nsintegrator_d@.c:514: warning: incompatible implicit declaration of built-in function ‘printf’
nsintegrator_d@.c:516: warning: incompatible implicit declaration of built-in function ‘printf’
nsintegrator_d@.c:517: error: invalid application of ‘sizeof’ to incomplete type ‘struct object_type’ 
nsintegrator_d@.c:518: warning: incompatible implicit declaration of built-in function ‘printf’
nsintegrator_d@.c:520: warning: incompatible implicit declaration of built-in function ‘printf’
nsintegrator_d@.c:522: warning: incompatible implicit declaration of built-in function ‘printf’
nsintegrator_d@.c:524: warning: incompatible implicit declaration of built-in function ‘printf’
nsintegrator_d@.c:526: warning: incompatible implicit declaration of built-in function ‘printf’
nsintegrator_d@.c:528: warning: incompatible implicit declaration of built-in function ‘printf’
nsintegrator_d@.c:530: warning: incompatible implicit declaration of built-in function ‘printf’
nsintegrator_d@.c:532: warning: incompatible implicit declaration of built-in function ‘printf’
nsintegrator_d@.c:533: error: ‘Msg’ undeclared (first use in this function)
nsintegrator_d@.c:534: warning: incompatible implicit declaration of built-in function ‘printf’
nsintegrator_d@.c:536: warning: incompatible implicit declaration of built-in function ‘printf’
nsintegrator_d@.c:538: warning: incompatible implicit declaration of built-in function ‘printf’
nsintegrator_d@.c:540: warning: incompatible implicit declaration of built-in function ‘printf’
nsintegrator_d@.c:542: warning: incompatible implicit declaration of built-in function ‘printf’
nsintegrator_d@.c:543: error: ‘GenesisObject’ undeclared (first use in this function)
nsintegrator_d@.c:544: warning: incompatible implicit declaration of built-in function ‘printf’
nsintegrator_d@.c:545: error: ‘Element’ undeclared (first use in this function)
nsintegrator_d@.c:546: warning: incompatible implicit declaration of built-in function ‘printf’
nsintegrator_d@.c:548: warning: incompatible implicit declaration of built-in function ‘printf’
nsintegrator_d@.c:550: warning: incompatible implicit declaration of built-in function ‘printf’
nsintegrator_d@.c:552: warning: incompatible implicit declaration of built-in function ‘printf’
nsintegrator_d@.c:554: warning: incompatible implicit declaration of built-in function ‘printf’
nsintegrator_d@.c:555: error: ‘Connection’ undeclared (first use in this function)
nsintegrator_d@.c:556: warning: incompatible implicit declaration of built-in function ‘printf’
nsintegrator_d@.c: In function ‘INFO_event_type’:
nsintegrator_d@.c:560: error: storage size of ‘var’ isn’t known
nsintegrator_d@.c:560: error: ‘Info’ undeclared (first use in this function)
nsintegrator_d@.c:560: error: expected ‘;’ before ‘info’
nsintegrator_d@.c:560: error: ‘info’ undeclared (first use in this function)
nsintegrator_d@.c:561: error: ‘caddr_t’ undeclared (first use in this function)
nsintegrator_d@.c:561: warning: incompatible implicit declaration of built-in function ‘strcat’
nsintegrator_d@.c:562: warning: incompatible implicit declaration of built-in function ‘strlen’
nsintegrator_d@.c:562: warning: incompatible implicit declaration of built-in function ‘printf’
nsintegrator_d@.c:564: warning: incompatible implicit declaration of built-in function ‘printf’
nsintegrator_d@.c: In function ‘INFO_buffer_type’:
nsintegrator_d@.c:568: error: storage size of ‘var’ isn’t known
nsintegrator_d@.c:568: error: ‘Info’ undeclared (first use in this function)
nsintegrator_d@.c:568: error: expected ‘;’ before ‘info’
nsintegrator_d@.c:568: error: ‘info’ undeclared (first use in this function)
nsintegrator_d@.c:569: error: ‘caddr_t’ undeclared (first use in this function)
nsintegrator_d@.c:569: warning: incompatible implicit declaration of built-in function ‘strcat’
nsintegrator_d@.c:570: warning: incompatible implicit declaration of built-in function ‘strlen’
nsintegrator_d@.c:570: warning: incompatible implicit declaration of built-in function ‘printf’
nsintegrator_d@.c:572: warning: incompatible implicit declaration of built-in function ‘printf’
nsintegrator_d@.c:573: error: invalid application of ‘sizeof’ to incomplete type ‘struct object_type’ 
nsintegrator_d@.c:574: warning: incompatible implicit declaration of built-in function ‘printf’
nsintegrator_d@.c:576: warning: incompatible implicit declaration of built-in function ‘printf’
nsintegrator_d@.c:578: warning: incompatible implicit declaration of built-in function ‘printf’
nsintegrator_d@.c:580: warning: incompatible implicit declaration of built-in function ‘printf’
nsintegrator_d@.c:582: warning: incompatible implicit declaration of built-in function ‘printf’
nsintegrator_d@.c:584: warning: incompatible implicit declaration of built-in function ‘printf’
nsintegrator_d@.c:586: warning: incompatible implicit declaration of built-in function ‘printf’
nsintegrator_d@.c:588: warning: incompatible implicit declaration of built-in function ‘printf’
nsintegrator_d@.c:589: error: ‘Msg’ undeclared (first use in this function)
nsintegrator_d@.c:590: warning: incompatible implicit declaration of built-in function ‘printf’
nsintegrator_d@.c:592: warning: incompatible implicit declaration of built-in function ‘printf’
nsintegrator_d@.c:594: warning: incompatible implicit declaration of built-in function ‘printf’
nsintegrator_d@.c:596: warning: incompatible implicit declaration of built-in function ‘printf’
nsintegrator_d@.c:598: warning: incompatible implicit declaration of built-in function ‘printf’
nsintegrator_d@.c:599: error: ‘GenesisObject’ undeclared (first use in this function)
nsintegrator_d@.c:600: warning: incompatible implicit declaration of built-in function ‘printf’
nsintegrator_d@.c:601: error: ‘Element’ undeclared (first use in this function)
nsintegrator_d@.c:602: warning: incompatible implicit declaration of built-in function ‘printf’
nsintegrator_d@.c:604: warning: incompatible implicit declaration of built-in function ‘printf’
nsintegrator_d@.c:606: warning: incompatible implicit declaration of built-in function ‘printf’
nsintegrator_d@.c:608: warning: incompatible implicit declaration of built-in function ‘printf’
nsintegrator_d@.c:610: warning: incompatible implicit declaration of built-in function ‘printf’
nsintegrator_d@.c:612: warning: incompatible implicit declaration of built-in function ‘printf’
nsintegrator_d@.c:614: warning: incompatible implicit declaration of built-in function ‘printf’
nsintegrator_d@.c:616: warning: incompatible implicit declaration of built-in function ‘printf’
nsintegrator_d@.c:618: warning: incompatible implicit declaration of built-in function ‘printf’
nsintegrator_d@.c:620: warning: incompatible implicit declaration of built-in function ‘printf’
nsintegrator_d@.c:621: error: invalid application of ‘sizeof’ to incomplete type ‘struct event_type’ 
nsintegrator_d@.c:622: warning: incompatible implicit declaration of built-in function ‘printf’
nsintegrator_d@.c: In function ‘INFO_segment_type’:
nsintegrator_d@.c:626: error: storage size of ‘var’ isn’t known
nsintegrator_d@.c:626: error: ‘Info’ undeclared (first use in this function)
nsintegrator_d@.c:626: error: expected ‘;’ before ‘info’
nsintegrator_d@.c:626: error: ‘info’ undeclared (first use in this function)
nsintegrator_d@.c:627: error: ‘caddr_t’ undeclared (first use in this function)
nsintegrator_d@.c:627: warning: incompatible implicit declaration of built-in function ‘strcat’
nsintegrator_d@.c:628: warning: incompatible implicit declaration of built-in function ‘strlen’
nsintegrator_d@.c:628: warning: incompatible implicit declaration of built-in function ‘printf’
nsintegrator_d@.c:630: warning: incompatible implicit declaration of built-in function ‘printf’
nsintegrator_d@.c:631: error: invalid application of ‘sizeof’ to incomplete type ‘struct object_type’ 
nsintegrator_d@.c:632: warning: incompatible implicit declaration of built-in function ‘printf’
nsintegrator_d@.c:634: warning: incompatible implicit declaration of built-in function ‘printf’
nsintegrator_d@.c:636: warning: incompatible implicit declaration of built-in function ‘printf’
nsintegrator_d@.c:638: warning: incompatible implicit declaration of built-in function ‘printf’
nsintegrator_d@.c:640: warning: incompatible implicit declaration of built-in function ‘printf’
nsintegrator_d@.c:642: warning: incompatible implicit declaration of built-in function ‘printf’
nsintegrator_d@.c:644: warning: incompatible implicit declaration of built-in function ‘printf’
nsintegrator_d@.c:646: warning: incompatible implicit declaration of built-in function ‘printf’
nsintegrator_d@.c:647: error: ‘Msg’ undeclared (first use in this function)
nsintegrator_d@.c:648: warning: incompatible implicit declaration of built-in function ‘printf’
nsintegrator_d@.c:650: warning: incompatible implicit declaration of built-in function ‘printf’
nsintegrator_d@.c:652: warning: incompatible implicit declaration of built-in function ‘printf’
nsintegrator_d@.c:654: warning: incompatible implicit declaration of built-in function ‘printf’
nsintegrator_d@.c:656: warning: incompatible implicit declaration of built-in function ‘printf’
nsintegrator_d@.c:657: error: ‘GenesisObject’ undeclared (first use in this function)
nsintegrator_d@.c:658: warning: incompatible implicit declaration of built-in function ‘printf’
nsintegrator_d@.c:659: error: ‘Element’ undeclared (first use in this function)
nsintegrator_d@.c:660: warning: incompatible implicit declaration of built-in function ‘printf’
nsintegrator_d@.c:662: warning: incompatible implicit declaration of built-in function ‘printf’
nsintegrator_d@.c:664: warning: incompatible implicit declaration of built-in function ‘printf’
nsintegrator_d@.c:666: warning: incompatible implicit declaration of built-in function ‘printf’
nsintegrator_d@.c:668: warning: incompatible implicit declaration of built-in function ‘printf’
nsintegrator_d@.c: In function ‘INFO_Gsegment_type’:
nsintegrator_d@.c:672: error: storage size of ‘var’ isn’t known
nsintegrator_d@.c:672: error: ‘Info’ undeclared (first use in this function)
nsintegrator_d@.c:672: error: expected ‘;’ before ‘info’
nsintegrator_d@.c:672: error: ‘info’ undeclared (first use in this function)
nsintegrator_d@.c:673: error: ‘caddr_t’ undeclared (first use in this function)
nsintegrator_d@.c:673: warning: incompatible implicit declaration of built-in function ‘strcat’
nsintegrator_d@.c:674: warning: incompatible implicit declaration of built-in function ‘strlen’
nsintegrator_d@.c:674: warning: incompatible implicit declaration of built-in function ‘printf’
nsintegrator_d@.c:676: warning: incompatible implicit declaration of built-in function ‘printf’
nsintegrator_d@.c:677: error: invalid application of ‘sizeof’ to incomplete type ‘struct object_type’ 
nsintegrator_d@.c:678: warning: incompatible implicit declaration of built-in function ‘printf’
nsintegrator_d@.c:680: warning: incompatible implicit declaration of built-in function ‘printf’
nsintegrator_d@.c:682: warning: incompatible implicit declaration of built-in function ‘printf’
nsintegrator_d@.c:684: warning: incompatible implicit declaration of built-in function ‘printf’
nsintegrator_d@.c:686: warning: incompatible implicit declaration of built-in function ‘printf’
nsintegrator_d@.c:688: warning: incompatible implicit declaration of built-in function ‘printf’
nsintegrator_d@.c:690: warning: incompatible implicit declaration of built-in function ‘printf’
nsintegrator_d@.c:692: warning: incompatible implicit declaration of built-in function ‘printf’
nsintegrator_d@.c:693: error: ‘Msg’ undeclared (first use in this function)
nsintegrator_d@.c:694: warning: incompatible implicit declaration of built-in function ‘printf’
nsintegrator_d@.c:696: warning: incompatible implicit declaration of built-in function ‘printf’
nsintegrator_d@.c:698: warning: incompatible implicit declaration of built-in function ‘printf’
nsintegrator_d@.c:700: warning: incompatible implicit declaration of built-in function ‘printf’
nsintegrator_d@.c:702: warning: incompatible implicit declaration of built-in function ‘printf’
nsintegrator_d@.c:703: error: ‘GenesisObject’ undeclared (first use in this function)
nsintegrator_d@.c:704: warning: incompatible implicit declaration of built-in function ‘printf’
nsintegrator_d@.c:705: error: ‘Element’ undeclared (first use in this function)
nsintegrator_d@.c:706: warning: incompatible implicit declaration of built-in function ‘printf’
nsintegrator_d@.c:708: warning: incompatible implicit declaration of built-in function ‘printf’
nsintegrator_d@.c:710: warning: incompatible implicit declaration of built-in function ‘printf’
nsintegrator_d@.c:712: warning: incompatible implicit declaration of built-in function ‘printf’
nsintegrator_d@.c:714: warning: incompatible implicit declaration of built-in function ‘printf’
nsintegrator_d@.c:716: warning: incompatible implicit declaration of built-in function ‘printf’
nsintegrator_d@.c:718: warning: incompatible implicit declaration of built-in function ‘printf’
nsintegrator_d@.c:720: warning: incompatible implicit declaration of built-in function ‘printf’
nsintegrator_d@.c: In function ‘INFO_basic_element_type’:
nsintegrator_d@.c:724: error: storage size of ‘var’ isn’t known
nsintegrator_d@.c:724: error: ‘Info’ undeclared (first use in this function)
nsintegrator_d@.c:724: error: expected ‘;’ before ‘info’
nsintegrator_d@.c:724: error: ‘info’ undeclared (first use in this function)
nsintegrator_d@.c:725: error: ‘caddr_t’ undeclared (first use in this function)
nsintegrator_d@.c:725: warning: incompatible implicit declaration of built-in function ‘strcat’
nsintegrator_d@.c:726: warning: incompatible implicit declaration of built-in function ‘strlen’
nsintegrator_d@.c:726: warning: incompatible implicit declaration of built-in function ‘printf’
nsintegrator_d@.c:728: warning: incompatible implicit declaration of built-in function ‘printf’
nsintegrator_d@.c:729: error: invalid application of ‘sizeof’ to incomplete type ‘struct object_type’ 
nsintegrator_d@.c:730: warning: incompatible implicit declaration of built-in function ‘printf’
nsintegrator_d@.c:732: warning: incompatible implicit declaration of built-in function ‘printf’
nsintegrator_d@.c:734: warning: incompatible implicit declaration of built-in function ‘printf’
nsintegrator_d@.c:736: warning: incompatible implicit declaration of built-in function ‘printf’
nsintegrator_d@.c:738: warning: incompatible implicit declaration of built-in function ‘printf’
nsintegrator_d@.c:740: warning: incompatible implicit declaration of built-in function ‘printf’
nsintegrator_d@.c:742: warning: incompatible implicit declaration of built-in function ‘printf’
nsintegrator_d@.c:744: warning: incompatible implicit declaration of built-in function ‘printf’
nsintegrator_d@.c:745: error: ‘Msg’ undeclared (first use in this function)
nsintegrator_d@.c:746: warning: incompatible implicit declaration of built-in function ‘printf’
nsintegrator_d@.c:748: warning: incompatible implicit declaration of built-in function ‘printf’
nsintegrator_d@.c:750: warning: incompatible implicit declaration of built-in function ‘printf’
nsintegrator_d@.c:752: warning: incompatible implicit declaration of built-in function ‘printf’
nsintegrator_d@.c:754: warning: incompatible implicit declaration of built-in function ‘printf’
nsintegrator_d@.c:755: error: ‘GenesisObject’ undeclared (first use in this function)
nsintegrator_d@.c:756: warning: incompatible implicit declaration of built-in function ‘printf’
nsintegrator_d@.c:757: error: ‘Element’ undeclared (first use in this function)
nsintegrator_d@.c:758: warning: incompatible implicit declaration of built-in function ‘printf’
nsintegrator_d@.c:760: warning: incompatible implicit declaration of built-in function ‘printf’
nsintegrator_d@.c:762: warning: incompatible implicit declaration of built-in function ‘printf’
nsintegrator_d@.c:764: warning: incompatible implicit declaration of built-in function ‘printf’
nsintegrator_d@.c:765: error: invalid application of ‘sizeof’ to incomplete type ‘struct map_type’ 
nsintegrator_d@.c:766: warning: incompatible implicit declaration of built-in function ‘printf’
nsintegrator_d@.c: In function ‘INFO_connection_type’:
nsintegrator_d@.c:770: error: storage size of ‘var’ isn’t known
nsintegrator_d@.c:770: error: ‘Info’ undeclared (first use in this function)
nsintegrator_d@.c:770: error: expected ‘;’ before ‘info’
nsintegrator_d@.c:770: error: ‘info’ undeclared (first use in this function)
nsintegrator_d@.c:771: error: ‘caddr_t’ undeclared (first use in this function)
nsintegrator_d@.c:771: error: ‘Segment’ undeclared (first use in this function)
nsintegrator_d@.c:771: warning: incompatible implicit declaration of built-in function ‘strcat’
nsintegrator_d@.c:772: warning: incompatible implicit declaration of built-in function ‘strlen’
nsintegrator_d@.c:772: warning: incompatible implicit declaration of built-in function ‘printf’
nsintegrator_d@.c:773: error: ‘Connection’ undeclared (first use in this function)
nsintegrator_d@.c:774: warning: incompatible implicit declaration of built-in function ‘printf’
nsintegrator_d@.c:776: warning: incompatible implicit declaration of built-in function ‘printf’
nsintegrator_d@.c:778: warning: incompatible implicit declaration of built-in function ‘printf’
nsintegrator_d@.c: In function ‘INFO_interpol_struct’:
nsintegrator_d@.c:782: error: storage size of ‘var’ isn’t known
nsintegrator_d@.c:782: error: ‘Info’ undeclared (first use in this function)
nsintegrator_d@.c:782: error: expected ‘;’ before ‘info’
nsintegrator_d@.c:782: error: ‘info’ undeclared (first use in this function)
nsintegrator_d@.c:783: error: ‘caddr_t’ undeclared (first use in this function)
nsintegrator_d@.c:783: warning: incompatible implicit declaration of built-in function ‘strcat’
nsintegrator_d@.c:784: warning: incompatible implicit declaration of built-in function ‘strlen’
nsintegrator_d@.c:784: warning: incompatible implicit declaration of built-in function ‘printf’
nsintegrator_d@.c:786: warning: incompatible implicit declaration of built-in function ‘printf’
nsintegrator_d@.c:788: warning: incompatible implicit declaration of built-in function ‘printf’
nsintegrator_d@.c:790: warning: incompatible implicit declaration of built-in function ‘printf’
nsintegrator_d@.c:792: warning: incompatible implicit declaration of built-in function ‘printf’
nsintegrator_d@.c:794: warning: incompatible implicit declaration of built-in function ‘printf’
nsintegrator_d@.c:796: warning: incompatible implicit declaration of built-in function ‘printf’
nsintegrator_d@.c:798: warning: incompatible implicit declaration of built-in function ‘printf’
nsintegrator_d@.c:800: warning: incompatible implicit declaration of built-in function ‘printf’
nsintegrator_d@.c:802: warning: incompatible implicit declaration of built-in function ‘printf’
nsintegrator_d@.c:804: warning: incompatible implicit declaration of built-in function ‘printf’
nsintegrator_d@.c:806: warning: incompatible implicit declaration of built-in function ‘printf’
nsintegrator_d@.c: In function ‘INFO_interpol2d_struct’:
nsintegrator_d@.c:810: error: storage size of ‘var’ isn’t known
nsintegrator_d@.c:810: error: ‘Info’ undeclared (first use in this function)
nsintegrator_d@.c:810: error: expected ‘;’ before ‘info’
nsintegrator_d@.c:810: error: ‘info’ undeclared (first use in this function)
nsintegrator_d@.c:811: error: ‘caddr_t’ undeclared (first use in this function)
nsintegrator_d@.c:811: warning: incompatible implicit declaration of built-in function ‘strcat’
nsintegrator_d@.c:812: warning: incompatible implicit declaration of built-in function ‘strlen’
nsintegrator_d@.c:812: warning: incompatible implicit declaration of built-in function ‘printf’
nsintegrator_d@.c:814: warning: incompatible implicit declaration of built-in function ‘printf’
nsintegrator_d@.c:816: warning: incompatible implicit declaration of built-in function ‘printf’
nsintegrator_d@.c:818: warning: incompatible implicit declaration of built-in function ‘printf’
nsintegrator_d@.c:820: warning: incompatible implicit declaration of built-in function ‘printf’
nsintegrator_d@.c:822: warning: incompatible implicit declaration of built-in function ‘printf’
nsintegrator_d@.c:824: warning: incompatible implicit declaration of built-in function ‘printf’
nsintegrator_d@.c:826: warning: incompatible implicit declaration of built-in function ‘printf’
nsintegrator_d@.c:828: warning: incompatible implicit declaration of built-in function ‘printf’
nsintegrator_d@.c:830: warning: incompatible implicit declaration of built-in function ‘printf’
nsintegrator_d@.c:832: warning: incompatible implicit declaration of built-in function ‘printf’
nsintegrator_d@.c:834: warning: incompatible implicit declaration of built-in function ‘printf’
nsintegrator_d@.c:836: warning: incompatible implicit declaration of built-in function ‘printf’
nsintegrator_d@.c:838: warning: incompatible implicit declaration of built-in function ‘printf’
nsintegrator_d@.c:840: warning: incompatible implicit declaration of built-in function ‘printf’
nsintegrator_d@.c:842: warning: incompatible implicit declaration of built-in function ‘printf’
nsintegrator_d@.c:844: warning: incompatible implicit declaration of built-in function ‘printf’
nsintegrator_d@.c:846: warning: incompatible implicit declaration of built-in function ‘printf’
nsintegrator_d@.c:848: warning: incompatible implicit declaration of built-in function ‘printf’
nsintegrator_d@.c:850: warning: incompatible implicit declaration of built-in function ‘printf’
nsintegrator_d@.c:852: warning: incompatible implicit declaration of built-in function ‘printf’
nsintegrator_d@.c:854: warning: incompatible implicit declaration of built-in function ‘printf’
nsintegrator_d@.c:856: warning: incompatible implicit declaration of built-in function ‘printf’
nsintegrator_d@.c: In function ‘INFO_timezone’:
nsintegrator_d@.c:860: error: storage size of ‘var’ isn’t known
nsintegrator_d@.c:860: error: ‘Info’ undeclared (first use in this function)
nsintegrator_d@.c:860: error: expected ‘;’ before ‘info’
nsintegrator_d@.c:860: error: ‘info’ undeclared (first use in this function)
nsintegrator_d@.c:861: error: ‘caddr_t’ undeclared (first use in this function)
nsintegrator_d@.c:861: warning: incompatible implicit declaration of built-in function ‘strcat’
nsintegrator_d@.c:862: warning: incompatible implicit declaration of built-in function ‘strlen’
nsintegrator_d@.c:862: warning: incompatible implicit declaration of built-in function ‘printf’
nsintegrator_d@.c:864: warning: incompatible implicit declaration of built-in function ‘printf’
nsintegrator_d@.c: In function ‘INFO_itimerval’:
nsintegrator_d@.c:868: error: storage size of ‘var’ isn’t known
nsintegrator_d@.c:868: error: ‘Info’ undeclared (first use in this function)
nsintegrator_d@.c:868: error: expected ‘;’ before ‘info’
nsintegrator_d@.c:868: error: ‘info’ undeclared (first use in this function)
nsintegrator_d@.c:869: error: ‘caddr_t’ undeclared (first use in this function)
nsintegrator_d@.c:869: error: invalid application of ‘sizeof’ to incomplete type ‘struct timeval’ 
nsintegrator_d@.c:869: warning: incompatible implicit declaration of built-in function ‘strcat’
nsintegrator_d@.c:870: warning: incompatible implicit declaration of built-in function ‘strlen’
nsintegrator_d@.c:870: warning: incompatible implicit declaration of built-in function ‘printf’
nsintegrator_d@.c:871: error: invalid application of ‘sizeof’ to incomplete type ‘struct timeval’ 
nsintegrator_d@.c:872: warning: incompatible implicit declaration of built-in function ‘printf’
nsintegrator_d@.c: At top level:
nsintegrator_d@.c:875: error: expected identifier or ‘(’ before ‘)’ token
nsintegrator_d@.c: In function ‘INFO_CacheRegistry’:
nsintegrator_d@.c:888: error: storage size of ‘var’ isn’t known
nsintegrator_d@.c:888: error: ‘Info’ undeclared (first use in this function)
nsintegrator_d@.c:888: error: expected ‘;’ before ‘info’
nsintegrator_d@.c:888: error: ‘info’ undeclared (first use in this function)
nsintegrator_d@.c:889: error: ‘caddr_t’ undeclared (first use in this function)
nsintegrator_d@.c:889: warning: incompatible implicit declaration of built-in function ‘strcat’
nsintegrator_d@.c:890: warning: incompatible implicit declaration of built-in function ‘strlen’
nsintegrator_d@.c:890: warning: incompatible implicit declaration of built-in function ‘printf’
nsintegrator_d@.c:892: warning: incompatible implicit declaration of built-in function ‘printf’
nsintegrator_d@.c:893: error: invalid application of ‘sizeof’ to incomplete type ‘struct RegisteredCache’ 
nsintegrator_d@.c:894: warning: incompatible implicit declaration of built-in function ‘printf’
nsintegrator_d@.c: At top level:
nsintegrator_d@.c:897: error: expected identifier or ‘(’ before ‘)’ token
nsintegrator_d@.c: In function ‘INFO_symtab_IdentifierIndex’:
nsintegrator_d@.c:914: error: storage size of ‘var’ isn’t known
nsintegrator_d@.c:914: error: ‘Info’ undeclared (first use in this function)
nsintegrator_d@.c:914: error: expected ‘;’ before ‘info’
nsintegrator_d@.c:914: error: ‘info’ undeclared (first use in this function)
nsintegrator_d@.c:915: error: ‘caddr_t’ undeclared (first use in this function)
nsintegrator_d@.c:915: error: expected identifier before ‘)’ token
nsintegrator_d@.c:915: error: expected expression before ‘if’
nsintegrator_d@.c:915: warning: incompatible implicit declaration of built-in function ‘strcat’
nsintegrator_d@.c:916: warning: incompatible implicit declaration of built-in function ‘strlen’
nsintegrator_d@.c:916: warning: incompatible implicit declaration of built-in function ‘printf’
nsintegrator_d@.c: In function ‘INFO_PSymbolStack’:
nsintegrator_d@.c:920: error: storage size of ‘var’ isn’t known
nsintegrator_d@.c:920: error: ‘Info’ undeclared (first use in this function)
nsintegrator_d@.c:920: error: expected ‘;’ before ‘info’
nsintegrator_d@.c:920: error: ‘info’ undeclared (first use in this function)
nsintegrator_d@.c:921: error: ‘caddr_t’ undeclared (first use in this function)
nsintegrator_d@.c:921: warning: incompatible implicit declaration of built-in function ‘strcat’
nsintegrator_d@.c:922: warning: incompatible implicit declaration of built-in function ‘strlen’
nsintegrator_d@.c:922: warning: incompatible implicit declaration of built-in function ‘printf’
nsintegrator_d@.c:924: warning: incompatible implicit declaration of built-in function ‘printf’
nsintegrator_d@.c:925: error: invalid application of ‘sizeof’ to incomplete type ‘struct symtab_HSolveListElement’ 
nsintegrator_d@.c:926: warning: incompatible implicit declaration of built-in function ‘printf’
nsintegrator_d@.c: At top level:
nsintegrator_d@.c:929: error: expected identifier or ‘(’ before ‘)’ token
nsintegrator_d@.c: In function ‘INFO_hsolve_list’:
nsintegrator_d@.c:938: error: storage size of ‘var’ isn’t known
nsintegrator_d@.c:938: error: ‘Info’ undeclared (first use in this function)
nsintegrator_d@.c:938: error: expected ‘;’ before ‘info’
nsintegrator_d@.c:938: error: ‘info’ undeclared (first use in this function)
nsintegrator_d@.c:939: error: ‘caddr_t’ undeclared (first use in this function)
nsintegrator_d@.c:939: error: invalid application of ‘sizeof’ to incomplete type ‘struct hsolve_list_element’ 
nsintegrator_d@.c:939: warning: incompatible implicit declaration of built-in function ‘strcat’
nsintegrator_d@.c:940: warning: incompatible implicit declaration of built-in function ‘strlen’
nsintegrator_d@.c:940: warning: incompatible implicit declaration of built-in function ‘printf’
nsintegrator_d@.c:941: error: invalid application of ‘sizeof’ to incomplete type ‘struct hsolve_list_element’ 
nsintegrator_d@.c:942: warning: incompatible implicit declaration of built-in function ‘printf’
nsintegrator_d@.c:943: error: invalid application of ‘sizeof’ to incomplete type ‘struct hsolve_list_element’ 
nsintegrator_d@.c:944: warning: incompatible implicit declaration of built-in function ‘printf’
nsintegrator_d@.c: At top level:
nsintegrator_d@.c:947: error: ‘INFO_symtab_String’ redeclared as different kind of symbol
nsintegrator_d@.c:929: error: previous declaration of ‘INFO_symtab_String’ was here
nsintegrator_d@.c: In function ‘INFO_symtab_String’:
nsintegrator_d@.c:948: error: storage size of ‘var’ isn’t known
nsintegrator_d@.c:948: error: ‘Info’ undeclared (first use in this function)
nsintegrator_d@.c:948: error: expected ‘;’ before ‘info’
nsintegrator_d@.c:948: error: ‘info’ undeclared (first use in this function)
nsintegrator_d@.c:949: error: ‘caddr_t’ undeclared (first use in this function)
nsintegrator_d@.c:949: warning: incompatible implicit declaration of built-in function ‘strcat’
nsintegrator_d@.c:950: warning: incompatible implicit declaration of built-in function ‘strlen’
nsintegrator_d@.c:950: warning: incompatible implicit declaration of built-in function ‘printf’
nsintegrator_d@.c:952: warning: incompatible implicit declaration of built-in function ‘printf’
nsintegrator_d@.c: In function ‘INFO_SerialMapper’:
nsintegrator_d@.c:956: error: storage size of ‘var’ isn’t known
nsintegrator_d@.c:956: error: ‘Info’ undeclared (first use in this function)
nsintegrator_d@.c:956: error: expected ‘;’ before ‘info’
nsintegrator_d@.c:956: error: ‘info’ undeclared (first use in this function)
nsintegrator_d@.c:957: error: ‘caddr_t’ undeclared (first use in this function)
nsintegrator_d@.c:957: warning: incompatible implicit declaration of built-in function ‘strcat’
nsintegrator_d@.c:958: warning: incompatible implicit declaration of built-in function ‘strlen’
nsintegrator_d@.c:958: warning: incompatible implicit declaration of built-in function ‘printf’
nsintegrator_d@.c:960: warning: incompatible implicit declaration of built-in function ‘printf’
nsintegrator_d@.c: At top level:
nsintegrator_d@.c:963: error: expected identifier or ‘(’ before ‘)’ token
nsintegrator_d@.c:983: error: redefinition of ‘INFO_PSymbolStack’
nsintegrator_d@.c:919: error: previous definition of ‘INFO_PSymbolStack’ was here
nsintegrator_d@.c: In function ‘INFO_PSymbolStack’:
nsintegrator_d@.c:984: error: storage size of ‘var’ isn’t known
nsintegrator_d@.c:984: error: ‘Info’ undeclared (first use in this function)
nsintegrator_d@.c:984: error: expected ‘;’ before ‘info’
nsintegrator_d@.c:984: error: ‘info’ undeclared (first use in this function)
nsintegrator_d@.c:985: error: ‘caddr_t’ undeclared (first use in this function)
nsintegrator_d@.c:985: error: invalid application of ‘sizeof’ to incomplete type ‘struct PSymbolStack’ 
nsintegrator_d@.c:985: warning: incompatible implicit declaration of built-in function ‘strcat’
nsintegrator_d@.c:986: warning: incompatible implicit declaration of built-in function ‘strlen’
nsintegrator_d@.c:986: warning: incompatible implicit declaration of built-in function ‘printf’
nsintegrator_d@.c:988: warning: incompatible implicit declaration of built-in function ‘printf’
nsintegrator_d@.c:990: warning: incompatible implicit declaration of built-in function ‘printf’
nsintegrator_d@.c: At top level:
nsintegrator_d@.c:993: error: ‘INFO_symtab_HSolveListElement’ redeclared as different kind of symbol
nsintegrator_d@.c:963: error: previous declaration of ‘INFO_symtab_HSolveListElement’ was here
nsintegrator_d@.c: In function ‘INFO_symtab_HSolveListElement’:
nsintegrator_d@.c:994: error: storage size of ‘var’ isn’t known
nsintegrator_d@.c:994: error: ‘Info’ undeclared (first use in this function)
nsintegrator_d@.c:994: error: expected ‘;’ before ‘info’
nsintegrator_d@.c:994: error: ‘info’ undeclared (first use in this function)
nsintegrator_d@.c:995: error: ‘caddr_t’ undeclared (first use in this function)
nsintegrator_d@.c:995: warning: incompatible implicit declaration of built-in function ‘strcat’
nsintegrator_d@.c:996: warning: incompatible implicit declaration of built-in function ‘strlen’
nsintegrator_d@.c:996: warning: incompatible implicit declaration of built-in function ‘printf’
nsintegrator_d@.c:998: warning: incompatible implicit declaration of built-in function ‘printf’
nsintegrator_d@.c:999: error: invalid application of ‘sizeof’ to incomplete type ‘struct symtab_IdentifierIndex’ 
nsintegrator_d@.c:1000: warning: incompatible implicit declaration of built-in function ‘printf’
nsintegrator_d@.c:1001: error: invalid application of ‘sizeof’ to incomplete type ‘struct PSymbolSerialStack’ 
nsintegrator_d@.c:1002: warning: incompatible implicit declaration of built-in function ‘printf’
nsintegrator_d@.c: In function ‘INFO_symtab_Parameters’:
nsintegrator_d@.c:1006: error: storage size of ‘var’ isn’t known
nsintegrator_d@.c:1006: error: ‘Info’ undeclared (first use in this function)
nsintegrator_d@.c:1006: error: expected ‘;’ before ‘info’
nsintegrator_d@.c:1006: error: ‘info’ undeclared (first use in this function)
nsintegrator_d@.c:1007: error: ‘caddr_t’ undeclared (first use in this function)
nsintegrator_d@.c:1007: error: invalid application of ‘sizeof’ to incomplete type ‘struct symtab_Parameters’ 
nsintegrator_d@.c:1007: warning: incompatible implicit declaration of built-in function ‘strcat’
nsintegrator_d@.c:1008: warning: incompatible implicit declaration of built-in function ‘strlen’
nsintegrator_d@.c:1008: warning: incompatible implicit declaration of built-in function ‘printf’
nsintegrator_d@.c:1009: error: invalid application of ‘sizeof’ to incomplete type ‘struct symtab_Parameters’ 
nsintegrator_d@.c:1010: warning: incompatible implicit declaration of built-in function ‘printf’
nsintegrator_d@.c:1012: warning: incompatible implicit declaration of built-in function ‘printf’
nsintegrator_d@.c:1014: warning: incompatible implicit declaration of built-in function ‘printf’
nsintegrator_d@.c:1016: warning: incompatible implicit declaration of built-in function ‘printf’
nsintegrator_d@.c:1017: error: expected identifier before ‘)’ token
nsintegrator_d@.c:1017: error: expected ‘{’ before ‘)’ token
nsintegrator_d@.c:1018: warning: incompatible implicit declaration of built-in function ‘printf’
nsintegrator_d@.c:1019: error: invalid application of ‘sizeof’ to incomplete type ‘struct symtab_IdentifierIndex’ 
nsintegrator_d@.c:1020: warning: incompatible implicit declaration of built-in function ‘printf’
nsintegrator_d@.c:1022: warning: incompatible implicit declaration of built-in function ‘printf’
nsintegrator_d@.c:1023: error: invalid application of ‘sizeof’ to incomplete type ‘struct symtab_Function’ 
nsintegrator_d@.c:1024: warning: incompatible implicit declaration of built-in function ‘printf’
nsintegrator_d@.c: At top level:
nsintegrator_d@.c:1027: error: redefinition of ‘INFO_symtab_IdentifierIndex’
nsintegrator_d@.c:913: error: previous definition of ‘INFO_symtab_IdentifierIndex’ was here
nsintegrator_d@.c: In function ‘INFO_symtab_IdentifierIndex’:
nsintegrator_d@.c:1028: error: storage size of ‘var’ isn’t known
nsintegrator_d@.c:1028: error: ‘Info’ undeclared (first use in this function)
nsintegrator_d@.c:1028: error: expected ‘;’ before ‘info’
nsintegrator_d@.c:1028: error: ‘info’ undeclared (first use in this function)
nsintegrator_d@.c:1029: error: ‘caddr_t’ undeclared (first use in this function)
nsintegrator_d@.c:1029: error: expected identifier before ‘)’ token
nsintegrator_d@.c:1029: error: ‘pcResult’ undeclared (first use in this function)
nsintegrator_d@.c:1029: warning: incompatible implicit declaration of built-in function ‘strcat’
nsintegrator_d@.c:1030: warning: incompatible implicit declaration of built-in function ‘strlen’
nsintegrator_d@.c:1030: warning: incompatible implicit declaration of built-in function ‘printf’
nsintegrator_d@.c: At top level:
nsintegrator_d@.c:1033: error: redefinition of ‘INFO_symtab_Parameters’
nsintegrator_d@.c:1005: error: previous definition of ‘INFO_symtab_Parameters’ was here
nsintegrator_d@.c: In function ‘INFO_symtab_Parameters’:
nsintegrator_d@.c:1034: error: storage size of ‘var’ isn’t known
nsintegrator_d@.c:1034: error: ‘Info’ undeclared (first use in this function)
nsintegrator_d@.c:1034: error: expected ‘;’ before ‘info’
nsintegrator_d@.c:1034: error: ‘info’ undeclared (first use in this function)
nsintegrator_d@.c:1035: error: ‘caddr_t’ undeclared (first use in this function)
nsintegrator_d@.c:1035: warning: incompatible implicit declaration of built-in function ‘strcat’
nsintegrator_d@.c:1036: warning: incompatible implicit declaration of built-in function ‘strlen’
nsintegrator_d@.c:1036: warning: incompatible implicit declaration of built-in function ‘printf’
nsintegrator_d@.c:1038: warning: incompatible implicit declaration of built-in function ‘printf’
nsintegrator_d@.c:1040: warning: incompatible implicit declaration of built-in function ‘printf’
nsintegrator_d@.c:1042: warning: incompatible implicit declaration of built-in function ‘printf’
nsintegrator_d@.c:1044: warning: incompatible implicit declaration of built-in function ‘printf’
nsintegrator_d@.c:1046: warning: incompatible implicit declaration of built-in function ‘printf’
nsintegrator_d@.c:1048: warning: incompatible implicit declaration of built-in function ‘printf’
nsintegrator_d@.c:1050: warning: incompatible implicit declaration of built-in function ‘printf’
nsintegrator_d@.c:1052: warning: incompatible implicit declaration of built-in function ‘printf’
nsintegrator_d@.c:1054: warning: incompatible implicit declaration of built-in function ‘printf’
nsintegrator_d@.c:1056: warning: incompatible implicit declaration of built-in function ‘printf’
nsintegrator_d@.c:1058: warning: incompatible implicit declaration of built-in function ‘printf’
nsintegrator_d@.c:1060: warning: incompatible implicit declaration of built-in function ‘printf’
nsintegrator_d@.c:1062: warning: incompatible implicit declaration of built-in function ‘printf’
nsintegrator_d@.c:1064: warning: incompatible implicit declaration of built-in function ‘printf’
nsintegrator_d@.c: At top level:
nsintegrator_d@.c:1067: error: expected identifier or ‘(’ before ‘)’ token
nsintegrator_d@.c: In function ‘INFO_HSolveListListElement’:
nsintegrator_d@.c:1074: error: storage size of ‘var’ isn’t known
nsintegrator_d@.c:1074: error: ‘Info’ undeclared (first use in this function)
nsintegrator_d@.c:1074: error: expected ‘;’ before ‘info’
nsintegrator_d@.c:1074: error: ‘info’ undeclared (first use in this function)
nsintegrator_d@.c:1075: error: ‘caddr_t’ undeclared (first use in this function)
nsintegrator_d@.c:1075: error: ‘HSolveListElement’ undeclared (first use in this function)
nsintegrator_d@.c:1075: warning: incompatible implicit declaration of built-in function ‘strcat’
nsintegrator_d@.c:1076: warning: incompatible implicit declaration of built-in function ‘strlen’
nsintegrator_d@.c:1076: warning: incompatible implicit declaration of built-in function ‘printf’
nsintegrator_d@.c:1077: error: ‘HSolveList’ undeclared (first use in this function)
nsintegrator_d@.c:1078: warning: incompatible implicit declaration of built-in function ‘printf’
nsintegrator_d@.c: At top level:
nsintegrator_d@.c:1081: error: ‘INFO_ParserContext’ redeclared as different kind of symbol
nsintegrator_d@.c:875: error: previous declaration of ‘INFO_ParserContext’ was here
nsintegrator_d@.c: In function ‘INFO_ParserContext’:
nsintegrator_d@.c:1082: error: storage size of ‘var’ isn’t known
nsintegrator_d@.c:1082: error: ‘Info’ undeclared (first use in this function)
nsintegrator_d@.c:1082: error: expected ‘;’ before ‘info’
nsintegrator_d@.c:1082: error: ‘info’ undeclared (first use in this function)
nsintegrator_d@.c:1083: error: ‘caddr_t’ undeclared (first use in this function)
nsintegrator_d@.c:1083: error: invalid application of ‘sizeof’ to incomplete type ‘struct ParserContext’ 
nsintegrator_d@.c:1083: warning: incompatible implicit declaration of built-in function ‘strcat’
nsintegrator_d@.c:1084: warning: incompatible implicit declaration of built-in function ‘strlen’
nsintegrator_d@.c:1084: warning: incompatible implicit declaration of built-in function ‘printf’
nsintegrator_d@.c:1085: error: invalid application of ‘sizeof’ to incomplete type ‘struct ParserContext’ 
nsintegrator_d@.c:1086: warning: incompatible implicit declaration of built-in function ‘printf’
nsintegrator_d@.c:1088: warning: incompatible implicit declaration of built-in function ‘printf’
nsintegrator_d@.c:1090: warning: incompatible implicit declaration of built-in function ‘printf’
nsintegrator_d@.c:1092: warning: incompatible implicit declaration of built-in function ‘printf’
nsintegrator_d@.c:1094: warning: incompatible implicit declaration of built-in function ‘printf’
nsintegrator_d@.c:1095: error: ‘FILE’ undeclared (first use in this function)
nsintegrator_d@.c:1096: warning: incompatible implicit declaration of built-in function ‘printf’
nsintegrator_d@.c:1097: error: invalid application of ‘sizeof’ to incomplete type ‘struct yy_buffer_state’ 
nsintegrator_d@.c:1098: warning: incompatible implicit declaration of built-in function ‘printf’
nsintegrator_d@.c:1099: error: invalid application of ‘sizeof’ to incomplete type ‘struct ImportedFile’ 
nsintegrator_d@.c:1100: warning: incompatible implicit declaration of built-in function ‘printf’
nsintegrator_d@.c:1101: error: invalid application of ‘sizeof’ to incomplete type ‘struct Neurospaces’ 
nsintegrator_d@.c:1102: warning: incompatible implicit declaration of built-in function ‘printf’
nsintegrator_d@.c:1104: warning: incompatible implicit declaration of built-in function ‘printf’
nsintegrator_d@.c:1105: error: invalid application of ‘sizeof’ to incomplete type ‘struct PidinStack’ 
nsintegrator_d@.c:1106: warning: incompatible implicit declaration of built-in function ‘printf’
nsintegrator_d@.c:1107: error: invalid application of ‘sizeof’ to incomplete type ‘struct symtab_HSolveListElement’ 
nsintegrator_d@.c:1108: warning: incompatible implicit declaration of built-in function ‘printf’
nsintegrator_d@.c: At top level:
nsintegrator_d@.c:1111: error: expected identifier or ‘(’ before ‘)’ token
nsintegrator_d@.c: In function ‘INFO_TreespaceTraversal’:
nsintegrator_d@.c:1146: error: storage size of ‘var’ isn’t known
nsintegrator_d@.c:1146: error: ‘Info’ undeclared (first use in this function)
nsintegrator_d@.c:1146: error: expected ‘;’ before ‘info’
nsintegrator_d@.c:1146: error: ‘info’ undeclared (first use in this function)
nsintegrator_d@.c:1147: error: ‘caddr_t’ undeclared (first use in this function)
nsintegrator_d@.c:1147: error: expected identifier before ‘)’ token
nsintegrator_d@.c:1147: error: expected expression before ‘return’
nsintegrator_d@.c:1147: warning: incompatible implicit declaration of built-in function ‘strcat’
nsintegrator_d@.c:1148: warning: incompatible implicit declaration of built-in function ‘strlen’
nsintegrator_d@.c:1148: warning: incompatible implicit declaration of built-in function ‘printf’
nsintegrator_d@.c:1149: error: invalid application of ‘sizeof’ to incomplete type ‘struct symtab_HSolveListElement’ 
nsintegrator_d@.c:1150: warning: incompatible implicit declaration of built-in function ‘printf’
nsintegrator_d@.c:1151: error: expected identifier before ‘struct’
nsintegrator_d@.c:1151: error: invalid application of ‘sizeof’ to incomplete type ‘struct symtab_HSolveListElement’ 
nsintegrator_d@.c:1152: warning: incompatible implicit declaration of built-in function ‘printf’
nsintegrator_d@.c:1154: warning: incompatible implicit declaration of built-in function ‘printf’
nsintegrator_d@.c:1156: warning: incompatible implicit declaration of built-in function ‘printf’
nsintegrator_d@.c:1157: error: expected identifier before ‘struct’
nsintegrator_d@.c:1158: warning: incompatible implicit declaration of built-in function ‘printf’
nsintegrator_d@.c:1160: warning: incompatible implicit declaration of built-in function ‘printf’
nsintegrator_d@.c:1161: error: expected identifier before ‘struct’
nsintegrator_d@.c:1162: warning: incompatible implicit declaration of built-in function ‘printf’
nsintegrator_d@.c:1163: error: expected identifier before ‘struct’
nsintegrator_d@.c:1163: error: expected ‘)’ before ‘;’ token
nsintegrator_d@.c:1163: error: invalid application of ‘sizeof’ to incomplete type ‘struct symtab_ParContainer’ 
nsintegrator_d@.c:1164: warning: incompatible implicit declaration of built-in function ‘printf’
nsintegrator_d@.c: In function ‘INFO_symtab_ParContainer’:
nsintegrator_d@.c:1168: error: storage size of ‘var’ isn’t known
nsintegrator_d@.c:1168: error: ‘Info’ undeclared (first use in this function)
nsintegrator_d@.c:1168: error: expected ‘;’ before ‘info’
nsintegrator_d@.c:1168: error: ‘info’ undeclared (first use in this function)
nsintegrator_d@.c:1169: error: ‘caddr_t’ undeclared (first use in this function)
nsintegrator_d@.c:1169: error: invalid application of ‘sizeof’ to incomplete type ‘struct AlgorithmInstance’ 
nsintegrator_d@.c:1169: warning: incompatible implicit declaration of built-in function ‘strcat’
nsintegrator_d@.c:1170: warning: incompatible implicit declaration of built-in function ‘strlen’
nsintegrator_d@.c:1170: warning: incompatible implicit declaration of built-in function ‘printf’
nsintegrator_d@.c:1171: error: invalid application of ‘sizeof’ to incomplete type ‘struct symtab_IdentifierIndex’ 
nsintegrator_d@.c:1172: warning: incompatible implicit declaration of built-in function ‘printf’
nsintegrator_d@.c: At top level:
nsintegrator_d@.c:1175: error: ‘INFO_symtab_AlgorithmSymbol’ redeclared as different kind of symbol
nsintegrator_d@.c:1111: error: previous declaration of ‘INFO_symtab_AlgorithmSymbol’ was here
nsintegrator_d@.c: In function ‘INFO_symtab_AlgorithmSymbol’:
nsintegrator_d@.c:1176: error: storage size of ‘var’ isn’t known
nsintegrator_d@.c:1176: error: ‘Info’ undeclared (first use in this function)
nsintegrator_d@.c:1176: error: expected ‘;’ before ‘info’
nsintegrator_d@.c:1176: error: ‘info’ undeclared (first use in this function)
nsintegrator_d@.c:1177: error: ‘caddr_t’ undeclared (first use in this function)
nsintegrator_d@.c:1177: error: invalid application of ‘sizeof’ to incomplete type ‘struct symtab_HSolveListElement’ 
nsintegrator_d@.c:1177: warning: incompatible implicit declaration of built-in function ‘strcat’
nsintegrator_d@.c:1178: warning: incompatible implicit declaration of built-in function ‘strlen’
nsintegrator_d@.c:1178: warning: incompatible implicit declaration of built-in function ‘printf’
nsintegrator_d@.c:1179: error: invalid application of ‘sizeof’ to incomplete type ‘struct descr_AlgorithmSymbol’ 
nsintegrator_d@.c:1180: warning: incompatible implicit declaration of built-in function ‘printf’
nsintegrator_d@.c:1181: error: invalid application of ‘sizeof’ to incomplete type ‘struct symtab_ParContainer’ 
nsintegrator_d@.c:1182: warning: incompatible implicit declaration of built-in function ‘printf’
nsintegrator_d@.c: At top level:
nsintegrator_d@.c:1185: error: redefinition of ‘INFO_symtab_Parameters’
nsintegrator_d@.c:1005: error: previous definition of ‘INFO_symtab_Parameters’ was here
nsintegrator_d@.c: In function ‘INFO_symtab_Parameters’:
nsintegrator_d@.c:1186: error: storage size of ‘var’ isn’t known
nsintegrator_d@.c:1186: error: ‘Info’ undeclared (first use in this function)
nsintegrator_d@.c:1186: error: expected ‘;’ before ‘info’
nsintegrator_d@.c:1186: error: ‘info’ undeclared (first use in this function)
nsintegrator_d@.c:1187: error: ‘caddr_t’ undeclared (first use in this function)
nsintegrator_d@.c:1187: error: invalid application of ‘sizeof’ to incomplete type ‘struct symtab_Parameters’ 
nsintegrator_d@.c:1187: warning: incompatible implicit declaration of built-in function ‘strcat’
nsintegrator_d@.c:1188: warning: incompatible implicit declaration of built-in function ‘strlen’
nsintegrator_d@.c:1188: warning: incompatible implicit declaration of built-in function ‘printf’
nsintegrator_d@.c:1189: error: expected identifier before ‘char’
nsintegrator_d@.c:1189: error: invalid application of ‘sizeof’ to incomplete type ‘struct symtab_Parameters’ 
nsintegrator_d@.c:1190: warning: incompatible implicit declaration of built-in function ‘printf’
nsintegrator_d@.c:1191: error: expected identifier before ‘struct’
nsintegrator_d@.c:1191: error: invalid application of ‘sizeof’ to incomplete type ‘struct symtab_Parameters’ 
nsintegrator_d@.c:1192: warning: incompatible implicit declaration of built-in function ‘printf’
nsintegrator_d@.c:1193: error: expected identifier before ‘)’ token
nsintegrator_d@.c:1193: error: ‘ppar’ undeclared (first use in this function)
nsintegrator_d@.c:1194: warning: incompatible implicit declaration of built-in function ‘printf’
nsintegrator_d@.c:1196: warning: incompatible implicit declaration of built-in function ‘printf’
nsintegrator_d@.c:1198: warning: incompatible implicit declaration of built-in function ‘printf’
nsintegrator_d@.c: In function ‘INFO_symtab_Vector’:
nsintegrator_d@.c:1202: error: storage size of ‘var’ isn’t known
nsintegrator_d@.c:1202: error: ‘Info’ undeclared (first use in this function)
nsintegrator_d@.c:1202: error: expected ‘;’ before ‘info’
nsintegrator_d@.c:1202: error: ‘info’ undeclared (first use in this function)
nsintegrator_d@.c:1203: error: ‘caddr_t’ undeclared (first use in this function)
nsintegrator_d@.c:1203: error: ‘AlgorithmClassHandler’ undeclared (first use in this function)
nsintegrator_d@.c:1203: warning: incompatible implicit declaration of built-in function ‘strcat’
nsintegrator_d@.c:1204: warning: incompatible implicit declaration of built-in function ‘strlen’
nsintegrator_d@.c:1204: warning: incompatible implicit declaration of built-in function ‘printf’
nsintegrator_d@.c:1205: error: ‘AlgorithmClassInstanceCreator’ undeclared (first use in this function)
nsintegrator_d@.c:1206: warning: incompatible implicit declaration of built-in function ‘printf’
nsintegrator_d@.c: In function ‘INFO_AlgorithmClass’:
nsintegrator_d@.c:1210: error: storage size of ‘var’ isn’t known
nsintegrator_d@.c:1210: error: ‘Info’ undeclared (first use in this function)
nsintegrator_d@.c:1210: error: expected ‘;’ before ‘info’
nsintegrator_d@.c:1210: error: ‘info’ undeclared (first use in this function)
nsintegrator_d@.c:1211: error: ‘caddr_t’ undeclared (first use in this function)
nsintegrator_d@.c:1211: error: ‘HSolveListElement’ undeclared (first use in this function)
nsintegrator_d@.c:1211: warning: incompatible implicit declaration of built-in function ‘strcat’
nsintegrator_d@.c:1212: warning: incompatible implicit declaration of built-in function ‘strlen’
nsintegrator_d@.c:1212: warning: incompatible implicit declaration of built-in function ‘printf’
nsintegrator_d@.c:1214: warning: incompatible implicit declaration of built-in function ‘printf’
nsintegrator_d@.c:1215: error: invalid application of ‘sizeof’ to incomplete type ‘struct AlgorithmClassHandlerLibrary’ 
nsintegrator_d@.c:1216: warning: incompatible implicit declaration of built-in function ‘printf’
nsintegrator_d@.c: At top level:
nsintegrator_d@.c:1219: error: redefinition of ‘INFO_AlgorithmClass’
nsintegrator_d@.c:1209: error: previous definition of ‘INFO_AlgorithmClass’ was here
nsintegrator_d@.c: In function ‘INFO_AlgorithmClass’:
nsintegrator_d@.c:1220: error: storage size of ‘var’ isn’t known
nsintegrator_d@.c:1220: error: ‘Info’ undeclared (first use in this function)
nsintegrator_d@.c:1220: error: expected ‘;’ before ‘info’
nsintegrator_d@.c:1220: error: ‘info’ undeclared (first use in this function)
nsintegrator_d@.c:1221: error: ‘caddr_t’ undeclared (first use in this function)
nsintegrator_d@.c:1221: error: expected ‘{’ before ‘)’ token
nsintegrator_d@.c:1221: warning: incompatible implicit declaration of built-in function ‘strcat’
nsintegrator_d@.c:1222: warning: incompatible implicit declaration of built-in function ‘strlen’
nsintegrator_d@.c:1222: warning: incompatible implicit declaration of built-in function ‘printf’
nsintegrator_d@.c:1223: error: expected identifier before ‘)’ token
nsintegrator_d@.c:1223: error: invalid application of ‘sizeof’ to incomplete type ‘struct PidinStack’ 
nsintegrator_d@.c:1224: warning: incompatible implicit declaration of built-in function ‘printf’
nsintegrator_d@.c: In function ‘INFO__algorithm_instances_typeinfo’:
nsintegrator_d@.c:1228: error: storage size of ‘var’ isn’t known
nsintegrator_d@.c:1228: error: ‘Info’ undeclared (first use in this function)
nsintegrator_d@.c:1228: error: expected ‘;’ before ‘info’
nsintegrator_d@.c:1228: error: ‘info’ undeclared (first use in this function)
nsintegrator_d@.c:1229: error: ‘caddr_t’ undeclared (first use in this function)
nsintegrator_d@.c:1229: warning: incompatible implicit declaration of built-in function ‘strcat’
nsintegrator_d@.c:1230: warning: incompatible implicit declaration of built-in function ‘strlen’
nsintegrator_d@.c:1230: warning: incompatible implicit declaration of built-in function ‘printf’
nsintegrator_d@.c:1231: error: invalid application of ‘sizeof’ to incomplete type ‘struct _algorithm_instances_vtable’ 
nsintegrator_d@.c:1232: warning: incompatible implicit declaration of built-in function ‘printf’
nsintegrator_d@.c: In function ‘INFO_AlgorithmInstance’:
nsintegrator_d@.c:1236: error: storage size of ‘var’ isn’t known
nsintegrator_d@.c:1236: error: ‘Info’ undeclared (first use in this function)
nsintegrator_d@.c:1236: error: expected ‘;’ before ‘info’
nsintegrator_d@.c:1236: error: ‘info’ undeclared (first use in this function)
nsintegrator_d@.c:1237: error: ‘caddr_t’ undeclared (first use in this function)
nsintegrator_d@.c:1237: error: ‘HSolveListElement’ undeclared (first use in this function)
nsintegrator_d@.c:1237: warning: incompatible implicit declaration of built-in function ‘strcat’
nsintegrator_d@.c:1238: warning: incompatible implicit declaration of built-in function ‘strlen’
nsintegrator_d@.c:1238: warning: incompatible implicit declaration of built-in function ‘printf’
nsintegrator_d@.c:1239: error: invalid application of ‘sizeof’ to incomplete type ‘struct AlgorithmClass’ 
nsintegrator_d@.c:1240: warning: incompatible implicit declaration of built-in function ‘printf’
nsintegrator_d@.c:1242: warning: incompatible implicit declaration of built-in function ‘printf’
nsintegrator_d@.c:1244: warning: incompatible implicit declaration of built-in function ‘printf’
nsintegrator_d@.c: At top level:
nsintegrator_d@.c:1247: error: expected identifier or ‘(’ before ‘)’ token
nsintegrator_d@.c:1255: error: expected identifier or ‘(’ before ‘)’ token
nsintegrator_d@.c: In function ‘INFO_symtab_IOContainer’:
nsintegrator_d@.c:1266: error: storage size of ‘var’ isn’t known
nsintegrator_d@.c:1266: error: ‘Info’ undeclared (first use in this function)
nsintegrator_d@.c:1266: error: expected ‘;’ before ‘info’
nsintegrator_d@.c:1266: error: ‘info’ undeclared (first use in this function)
nsintegrator_d@.c:1267: error: ‘caddr_t’ undeclared (first use in this function)
nsintegrator_d@.c:1267: error: invalid application of ‘sizeof’ to incomplete type ‘struct symtab_InputOutput’ 
nsintegrator_d@.c:1267: warning: incompatible implicit declaration of built-in function ‘strcat’
nsintegrator_d@.c:1268: warning: incompatible implicit declaration of built-in function ‘strlen’
nsintegrator_d@.c:1268: warning: incompatible implicit declaration of built-in function ‘printf’
nsintegrator_d@.c: At top level:
nsintegrator_d@.c:1271: error: expected identifier or ‘(’ before ‘)’ token
nsintegrator_d@.c: In function ‘INFO_symtab_InputOutput’:
nsintegrator_d@.c:1286: error: storage size of ‘var’ isn’t known
nsintegrator_d@.c:1286: error: ‘Info’ undeclared (first use in this function)
nsintegrator_d@.c:1286: error: expected ‘;’ before ‘info’
nsintegrator_d@.c:1286: error: ‘info’ undeclared (first use in this function)
nsintegrator_d@.c:1287: error: ‘caddr_t’ undeclared (first use in this function)
nsintegrator_d@.c:1287: error: expected identifier before ‘)’ token
nsintegrator_d@.c:1287: error: ‘pioc’ undeclared (first use in this function)
nsintegrator_d@.c:1287: warning: incompatible implicit declaration of built-in function ‘strcat’
nsintegrator_d@.c:1288: warning: incompatible implicit declaration of built-in function ‘strlen’
nsintegrator_d@.c:1288: warning: incompatible implicit declaration of built-in function ‘printf’
nsintegrator_d@.c: In function ‘INFO_symtab_IOList’:
nsintegrator_d@.c:1292: error: storage size of ‘var’ isn’t known
nsintegrator_d@.c:1292: error: ‘Info’ undeclared (first use in this function)
nsintegrator_d@.c:1292: error: expected ‘;’ before ‘info’
nsintegrator_d@.c:1292: error: ‘info’ undeclared (first use in this function)
nsintegrator_d@.c:1293: error: ‘caddr_t’ undeclared (first use in this function)
nsintegrator_d@.c:1293: error: expected identifier before ‘)’ token
nsintegrator_d@.c:1293: error: ‘piol’ undeclared (first use in this function)
nsintegrator_d@.c:1293: warning: incompatible implicit declaration of built-in function ‘strcat’
nsintegrator_d@.c:1294: warning: incompatible implicit declaration of built-in function ‘strlen’
nsintegrator_d@.c:1294: warning: incompatible implicit declaration of built-in function ‘printf’
nsintegrator_d@.c:1295: error: expected identifier before ‘)’ token
nsintegrator_d@.c:1295: error: expected expression before ‘return’
nsintegrator_d@.c:1296: warning: incompatible implicit declaration of built-in function ‘printf’
nsintegrator_d@.c:1297: error: expected identifier before ‘struct’
nsintegrator_d@.c:1297: error: expected expression before ‘return’
nsintegrator_d@.c:1298: warning: incompatible implicit declaration of built-in function ‘printf’
nsintegrator_d@.c:1299: error: expected identifier before ‘inline’
nsintegrator_d@.c:1299: error: expected expression before ‘static’
nsintegrator_d@.c:1300: warning: incompatible implicit declaration of built-in function ‘printf’
nsintegrator_d@.c:1301: error: expected identifier before ‘struct’
nsintegrator_d@.c:1301: error: expected expression before ‘static’
nsintegrator_d@.c:1302: warning: incompatible implicit declaration of built-in function ‘printf’
nsintegrator_d@.c:1303: error: expected expression before ‘static’
nsintegrator_d@.c:1304: warning: incompatible implicit declaration of built-in function ‘printf’
nsintegrator_d@.c:1305: error: expected identifier before ‘)’ token
nsintegrator_d@.c:1305: error: expected expression before ‘return’
nsintegrator_d@.c:1306: warning: incompatible implicit declaration of built-in function ‘printf’
nsintegrator_d@.c:1307: error: expected identifier before ‘char’
nsintegrator_d@.c:1307: error: expected expression before ‘return’
nsintegrator_d@.c:1308: warning: incompatible implicit declaration of built-in function ‘printf’
nsintegrator_d@.c:1309: error: expected identifier before ‘int’
nsintegrator_d@.c:1309: error: expected expression before ‘return’
nsintegrator_d@.c:1310: warning: incompatible implicit declaration of built-in function ‘printf’
nsintegrator_d@.c:1311: error: expected identifier before ‘inline’
nsintegrator_d@.c:1311: error: expected expression before ‘static’
nsintegrator_d@.c:1312: warning: incompatible implicit declaration of built-in function ‘printf’
nsintegrator_d@.c:1313: error: expected identifier before ‘char’
nsintegrator_d@.c:1313: error: expected expression before ‘static’
nsintegrator_d@.c:1314: warning: incompatible implicit declaration of built-in function ‘printf’
nsintegrator_d@.c:1315: error: expected identifier before ‘int’
nsintegrator_d@.c:1315: error: expected expression before ‘static’
nsintegrator_d@.c:1316: warning: incompatible implicit declaration of built-in function ‘printf’
nsintegrator_d@.c:1317: error: expected expression before ‘static’
nsintegrator_d@.c:1318: warning: incompatible implicit declaration of built-in function ‘printf’
nsintegrator_d@.c:1319: error: expected expression before ‘static’
nsintegrator_d@.c:1320: warning: incompatible implicit declaration of built-in function ‘printf’
nsintegrator_d@.c: At top level:
nsintegrator_d@.c:1323: error: ‘INFO_symtab_HSolveListElement’ redeclared as different kind of symbol
nsintegrator_d@.c:963: error: previous declaration of ‘INFO_symtab_HSolveListElement’ was here
nsintegrator_d@.c: In function ‘INFO_symtab_HSolveListElement’:
nsintegrator_d@.c:1324: error: storage size of ‘var’ isn’t known
nsintegrator_d@.c:1324: error: ‘Info’ undeclared (first use in this function)
nsintegrator_d@.c:1324: error: expected ‘;’ before ‘info’
nsintegrator_d@.c:1324: error: ‘info’ undeclared (first use in this function)
nsintegrator_d@.c:1325: error: ‘caddr_t’ undeclared (first use in this function)
nsintegrator_d@.c:1325: error: expected ‘{’ before ‘)’ token
nsintegrator_d@.c:1325: warning: incompatible implicit declaration of built-in function ‘strcat’
nsintegrator_d@.c:1326: warning: incompatible implicit declaration of built-in function ‘strlen’
nsintegrator_d@.c:1326: warning: incompatible implicit declaration of built-in function ‘printf’
nsintegrator_d@.c:1327: error: expected identifier before ‘)’ token
nsintegrator_d@.c:1328: warning: incompatible implicit declaration of built-in function ‘printf’
nsintegrator_d@.c:1329: error: expected identifier before ‘)’ token
nsintegrator_d@.c:1330: warning: incompatible implicit declaration of built-in function ‘printf’
nsintegrator_d@.c:1331: error: expected identifier before ‘)’ token
nsintegrator_d@.c:1331: error: invalid application of ‘sizeof’ to incomplete type ‘struct PidinStack’ 
nsintegrator_d@.c:1332: warning: incompatible implicit declaration of built-in function ‘printf’
nsintegrator_d@.c:1333: error: expected identifier before ‘)’ token
nsintegrator_d@.c:1333: error: invalid application of ‘sizeof’ to incomplete type ‘struct symtab_BioComponent’ 
nsintegrator_d@.c:1334: warning: incompatible implicit declaration of built-in function ‘printf’
nsintegrator_d@.c:1335: error: expected identifier before ‘)’ token
nsintegrator_d@.c:1335: error: invalid application of ‘sizeof’ to incomplete type ‘struct symtab_HSolveListElement’ 
nsintegrator_d@.c:1336: warning: incompatible implicit declaration of built-in function ‘printf’
nsintegrator_d@.c:1337: error: expected identifier before ‘)’ token
nsintegrator_d@.c:1337: error: invalid application of ‘sizeof’ to incomplete type ‘struct symtab_IOContainer’ 
nsintegrator_d@.c:1338: warning: incompatible implicit declaration of built-in function ‘printf’
nsintegrator_d@.c:1339: error: expected identifier before ‘)’ token
nsintegrator_d@.c:1339: error: invalid application of ‘sizeof’ to incomplete type ‘struct symtab_IOList’ 
nsintegrator_d@.c:1340: warning: incompatible implicit declaration of built-in function ‘printf’
nsintegrator_d@.c:1341: error: expected identifier before ‘)’ token
nsintegrator_d@.c:1341: error: invalid application of ‘sizeof’ to incomplete type ‘struct symtab_IdentifierIndex’ 
nsintegrator_d@.c:1342: warning: incompatible implicit declaration of built-in function ‘printf’
nsintegrator_d@.c:1343: error: expected identifier before ‘)’ token
nsintegrator_d@.c:1343: error: invalid application of ‘sizeof’ to incomplete type ‘struct symtab_Parameters’ 
nsintegrator_d@.c:1344: warning: incompatible implicit declaration of built-in function ‘printf’
nsintegrator_d@.c:1345: error: expected identifier before ‘)’ token
nsintegrator_d@.c:1345: error: ‘HSolveList’ undeclared (first use in this function)
nsintegrator_d@.c:1346: warning: incompatible implicit declaration of built-in function ‘printf’
nsintegrator_d@.c: In function ‘INFO__typeinfo_symbols’:
nsintegrator_d@.c:1350: error: storage size of ‘var’ isn’t known
nsintegrator_d@.c:1350: error: ‘Info’ undeclared (first use in this function)
nsintegrator_d@.c:1350: error: expected ‘;’ before ‘info’
nsintegrator_d@.c:1350: error: ‘info’ undeclared (first use in this function)
nsintegrator_d@.c:1351: error: ‘caddr_t’ undeclared (first use in this function)
nsintegrator_d@.c:1351: warning: incompatible implicit declaration of built-in function ‘strcat’
nsintegrator_d@.c:1352: warning: incompatible implicit declaration of built-in function ‘strlen’
nsintegrator_d@.c:1352: warning: incompatible implicit declaration of built-in function ‘printf’
nsintegrator_d@.c:1353: error: invalid application of ‘sizeof’ to incomplete type ‘struct _vtable’ 
nsintegrator_d@.c:1354: warning: incompatible implicit declaration of built-in function ‘printf’
nsintegrator_d@.c: At top level:
nsintegrator_d@.c:1357: error: redefinition of ‘INFO_symtab_Parameters’
nsintegrator_d@.c:1005: error: previous definition of ‘INFO_symtab_Parameters’ was here
nsintegrator_d@.c: In function ‘INFO_symtab_Parameters’:
nsintegrator_d@.c:1358: error: storage size of ‘var’ isn’t known
nsintegrator_d@.c:1358: error: ‘Info’ undeclared (first use in this function)
nsintegrator_d@.c:1358: error: expected ‘;’ before ‘info’
nsintegrator_d@.c:1358: error: ‘info’ undeclared (first use in this function)
nsintegrator_d@.c:1359: error: ‘caddr_t’ undeclared (first use in this function)
nsintegrator_d@.c:1359: error: expected identifier before ‘)’ token
nsintegrator_d@.c:1359: error: ‘ppist’ undeclared (first use in this function)
nsintegrator_d@.c:1359: warning: incompatible implicit declaration of built-in function ‘strcat’
nsintegrator_d@.c:1360: warning: incompatible implicit declaration of built-in function ‘strlen’
nsintegrator_d@.c:1360: warning: incompatible implicit declaration of built-in function ‘printf’
nsintegrator_d@.c: At top level:
nsintegrator_d@.c:1363: error: ‘INFO_symtab_HSolveListElement’ redeclared as different kind of symbol
nsintegrator_d@.c:963: error: previous declaration of ‘INFO_symtab_HSolveListElement’ was here
nsintegrator_d@.c: In function ‘INFO_symtab_HSolveListElement’:
nsintegrator_d@.c:1364: error: storage size of ‘var’ isn’t known
nsintegrator_d@.c:1364: error: ‘Info’ undeclared (first use in this function)
nsintegrator_d@.c:1364: error: expected ‘;’ before ‘info’
nsintegrator_d@.c:1364: error: ‘info’ undeclared (first use in this function)
nsintegrator_d@.c:1365: error: ‘caddr_t’ undeclared (first use in this function)
nsintegrator_d@.c:1365: error: expected identifier before ‘)’ token
nsintegrator_d@.c:1365: error: expected expression before ‘do’
nsintegrator_d@.c:1365: warning: incompatible implicit declaration of built-in function ‘strcat’
nsintegrator_d@.c:1366: warning: incompatible implicit declaration of built-in function ‘strlen’
nsintegrator_d@.c:1366: warning: incompatible implicit declaration of built-in function ‘printf’
nsintegrator_d@.c:1367: error: expected identifier before ‘)’ token
nsintegrator_d@.c:1367: error: ‘ppist’ undeclared (first use in this function)
nsintegrator_d@.c:1368: warning: incompatible implicit declaration of built-in function ‘printf’
nsintegrator_d@.c: At top level:
nsintegrator_d@.c:1371: error: ‘INFO_symtab_HSolveListElement’ redeclared as different kind of symbol
nsintegrator_d@.c:963: error: previous declaration of ‘INFO_symtab_HSolveListElement’ was here
nsintegrator_d@.c: In function ‘INFO_symtab_HSolveListElement’:
nsintegrator_d@.c:1372: error: storage size of ‘var’ isn’t known
nsintegrator_d@.c:1372: error: ‘Info’ undeclared (first use in this function)
nsintegrator_d@.c:1372: error: expected ‘;’ before ‘info’
nsintegrator_d@.c:1372: error: ‘info’ undeclared (first use in this function)
nsintegrator_d@.c:1373: error: ‘caddr_t’ undeclared (first use in this function)
nsintegrator_d@.c:1373: error: ‘ppistRoot’ undeclared (first use in this function)
nsintegrator_d@.c:1373: error: expected ‘)’ before ‘;’ token
nsintegrator_d@.c:1373: warning: incompatible implicit declaration of built-in function ‘strcat’
nsintegrator_d@.c:1374: warning: incompatible implicit declaration of built-in function ‘strlen’
nsintegrator_d@.c:1374: warning: incompatible implicit declaration of built-in function ‘printf’
nsintegrator_d@.c: In function ‘INFO_SolverMapper’:
nsintegrator_d@.c:1378: error: storage size of ‘var’ isn’t known
nsintegrator_d@.c:1378: error: ‘Info’ undeclared (first use in this function)
nsintegrator_d@.c:1378: error: expected ‘;’ before ‘info’
nsintegrator_d@.c:1378: error: ‘info’ undeclared (first use in this function)
nsintegrator_d@.c:1379: error: ‘caddr_t’ undeclared (first use in this function)
nsintegrator_d@.c:1379: warning: incompatible implicit declaration of built-in function ‘strcat’
nsintegrator_d@.c:1380: warning: incompatible implicit declaration of built-in function ‘strlen’
nsintegrator_d@.c:1380: warning: incompatible implicit declaration of built-in function ‘printf’
nsintegrator_d@.c:1382: warning: incompatible implicit declaration of built-in function ‘printf’
nsintegrator_d@.c:1384: warning: incompatible implicit declaration of built-in function ‘printf’
nsintegrator_d@.c:1385: error: ‘NeurospacesSetupSymbol’ undeclared (first use in this function)
nsintegrator_d@.c:1386: warning: incompatible implicit declaration of built-in function ‘printf’
nsintegrator_d@.c: At top level:
nsintegrator_d@.c:1389: error: expected identifier or ‘(’ before ‘)’ token
nsintegrator_d@.c:1401: error: redefinition of ‘INFO_AlgorithmInstance’
nsintegrator_d@.c:1235: error: previous definition of ‘INFO_AlgorithmInstance’ was here
nsintegrator_d@.c: In function ‘INFO_AlgorithmInstance’:
nsintegrator_d@.c:1402: error: storage size of ‘var’ isn’t known
nsintegrator_d@.c:1402: error: ‘Info’ undeclared (first use in this function)
nsintegrator_d@.c:1402: error: expected ‘;’ before ‘info’
nsintegrator_d@.c:1402: error: ‘info’ undeclared (first use in this function)
nsintegrator_d@.c:1403: error: ‘caddr_t’ undeclared (first use in this function)
nsintegrator_d@.c:1403: error: ‘HSolveList’ undeclared (first use in this function)
nsintegrator_d@.c:1403: warning: incompatible implicit declaration of built-in function ‘strcat’
nsintegrator_d@.c:1404: warning: incompatible implicit declaration of built-in function ‘strlen’
nsintegrator_d@.c:1404: warning: incompatible implicit declaration of built-in function ‘printf’
nsintegrator_d@.c:1405: error: ‘AlgorithmSet’ undeclared (first use in this function)
nsintegrator_d@.c:1406: warning: incompatible implicit declaration of built-in function ‘printf’
nsintegrator_d@.c: In function ‘INFO_ImportedFile’:
nsintegrator_d@.c:1410: error: storage size of ‘var’ isn’t known
nsintegrator_d@.c:1410: error: ‘Info’ undeclared (first use in this function)
nsintegrator_d@.c:1410: error: expected ‘;’ before ‘info’
nsintegrator_d@.c:1410: error: ‘info’ undeclared (first use in this function)
nsintegrator_d@.c:1411: error: ‘caddr_t’ undeclared (first use in this function)
nsintegrator_d@.c:1411: warning: incompatible implicit declaration of built-in function ‘strcat’
nsintegrator_d@.c:1412: warning: incompatible implicit declaration of built-in function ‘strlen’
nsintegrator_d@.c:1412: warning: incompatible implicit declaration of built-in function ‘printf’
nsintegrator_d@.c:1414: warning: incompatible implicit declaration of built-in function ‘printf’
nsintegrator_d@.c:1415: error: ‘FILE’ undeclared (first use in this function)
nsintegrator_d@.c:1416: warning: incompatible implicit declaration of built-in function ‘printf’
nsintegrator_d@.c:1418: warning: incompatible implicit declaration of built-in function ‘printf’
nsintegrator_d@.c:1419: error: invalid application of ‘sizeof’ to incomplete type ‘struct timeval’ 
nsintegrator_d@.c:1420: warning: incompatible implicit declaration of built-in function ‘printf’
nsintegrator_d@.c:1422: warning: incompatible implicit declaration of built-in function ‘printf’
nsintegrator_d@.c: In function ‘INFO_NeurospacesConfig’:
nsintegrator_d@.c:1426: error: storage size of ‘var’ isn’t known
nsintegrator_d@.c:1426: error: ‘Info’ undeclared (first use in this function)
nsintegrator_d@.c:1426: error: expected ‘;’ before ‘info’
nsintegrator_d@.c:1426: error: ‘info’ undeclared (first use in this function)
nsintegrator_d@.c:1427: error: ‘caddr_t’ undeclared (first use in this function)
nsintegrator_d@.c:1427: warning: incompatible implicit declaration of built-in function ‘strcat’
nsintegrator_d@.c:1428: warning: incompatible implicit declaration of built-in function ‘strlen’
nsintegrator_d@.c:1428: warning: incompatible implicit declaration of built-in function ‘printf’
nsintegrator_d@.c:1430: warning: incompatible implicit declaration of built-in function ‘printf’
nsintegrator_d@.c:1431: error: invalid application of ‘sizeof’ to incomplete type ‘struct NeurospacesOptions’ 
nsintegrator_d@.c:1432: warning: incompatible implicit declaration of built-in function ‘printf’
nsintegrator_d@.c:1434: warning: incompatible implicit declaration of built-in function ‘printf’
nsintegrator_d@.c:1436: warning: incompatible implicit declaration of built-in function ‘printf’
nsintegrator_d@.c: In function ‘INFO_Neurospaces’:
nsintegrator_d@.c:1440: error: storage size of ‘var’ isn’t known
nsintegrator_d@.c:1440: error: ‘Info’ undeclared (first use in this function)
nsintegrator_d@.c:1440: error: expected ‘;’ before ‘info’
nsintegrator_d@.c:1440: error: ‘info’ undeclared (first use in this function)
nsintegrator_d@.c:1441: error: ‘caddr_t’ undeclared (first use in this function)
nsintegrator_d@.c:1441: error: invalid application of ‘sizeof’ to incomplete type ‘struct Symbols’ 
nsintegrator_d@.c:1441: warning: incompatible implicit declaration of built-in function ‘strcat’
nsintegrator_d@.c:1442: warning: incompatible implicit declaration of built-in function ‘strlen’
nsintegrator_d@.c:1442: warning: incompatible implicit declaration of built-in function ‘printf’
nsintegrator_d@.c:1443: error: invalid application of ‘sizeof’ to incomplete type ‘struct ProjectionQuery’ 
nsintegrator_d@.c:1444: warning: incompatible implicit declaration of built-in function ‘printf’
nsintegrator_d@.c:1445: error: invalid application of ‘sizeof’ to incomplete type ‘struct SolverMapper’ 
nsintegrator_d@.c:1446: warning: incompatible implicit declaration of built-in function ‘printf’
nsintegrator_d@.c:1447: error: invalid application of ‘sizeof’ to incomplete type ‘struct NeurospacesConfig’ 
nsintegrator_d@.c:1448: warning: incompatible implicit declaration of built-in function ‘printf’
nsintegrator_d@.c:1449: error: invalid application of ‘sizeof’ to incomplete type ‘struct ParserContext’ 
nsintegrator_d@.c:1450: warning: incompatible implicit declaration of built-in function ‘printf’
nsintegrator_d@.c:1452: warning: incompatible implicit declaration of built-in function ‘printf’
nsintegrator_d@.c:1454: warning: incompatible implicit declaration of built-in function ‘printf’
nsintegrator_d@.c:1455: error: invalid application of ‘sizeof’ to incomplete type ‘struct CacheRegistry’ 
nsintegrator_d@.c:1456: warning: incompatible implicit declaration of built-in function ‘printf’
nsintegrator_d@.c: At top level:
nsintegrator_d@.c:1459: error: redefinition of ‘INFO_Neurospaces’
nsintegrator_d@.c:1439: error: previous definition of ‘INFO_Neurospaces’ was here
nsintegrator_d@.c: In function ‘INFO_Neurospaces’:
nsintegrator_d@.c:1460: error: storage size of ‘var’ isn’t known
nsintegrator_d@.c:1460: error: ‘Info’ undeclared (first use in this function)
nsintegrator_d@.c:1460: error: expected ‘;’ before ‘info’
nsintegrator_d@.c:1460: error: ‘info’ undeclared (first use in this function)
nsintegrator_d@.c:1461: error: ‘caddr_t’ undeclared (first use in this function)
nsintegrator_d@.c:1461: error: invalid application of ‘sizeof’ to incomplete type ‘struct symtab_IOHierarchy’ 
nsintegrator_d@.c:1461: warning: incompatible implicit declaration of built-in function ‘strcat’
nsintegrator_d@.c:1462: warning: incompatible implicit declaration of built-in function ‘strlen’
nsintegrator_d@.c:1462: warning: incompatible implicit declaration of built-in function ‘printf’
nsintegrator_d@.c:1463: error: invalid application of ‘sizeof’ to incomplete type ‘struct symtab_IdentifierIndex’ 
nsintegrator_d@.c:1464: warning: incompatible implicit declaration of built-in function ‘printf’
nsintegrator_d@.c:1465: error: invalid application of ‘sizeof’ to incomplete type ‘struct symtab_HSolveListElement’ 
nsintegrator_d@.c:1466: warning: incompatible implicit declaration of built-in function ‘printf’
nsintegrator_d@.c:1467: error: invalid application of ‘sizeof’ to incomplete type ‘struct symtab_ParContainer’ 
nsintegrator_d@.c:1468: warning: incompatible implicit declaration of built-in function ‘printf’
nsintegrator_d@.c:1470: warning: incompatible implicit declaration of built-in function ‘printf’
nsintegrator_d@.c: At top level:
nsintegrator_d@.c:1473: error: ‘INFO_symtab_HSolveListElement’ redeclared as different kind of symbol
nsintegrator_d@.c:963: error: previous declaration of ‘INFO_symtab_HSolveListElement’ was here
nsintegrator_d@.c: In function ‘INFO_symtab_HSolveListElement’:
nsintegrator_d@.c:1474: error: storage size of ‘var’ isn’t known
nsintegrator_d@.c:1474: error: ‘Info’ undeclared (first use in this function)
nsintegrator_d@.c:1474: error: expected ‘;’ before ‘info’
nsintegrator_d@.c:1474: error: ‘info’ undeclared (first use in this function)
nsintegrator_d@.c:1475: error: ‘caddr_t’ undeclared (first use in this function)
nsintegrator_d@.c:1475: error: expected expression before ‘return’
nsintegrator_d@.c:3439: error: expected declaration or statement at end of input
make[1]: *** [nsintegrator_d@.o] Error 1
make: *** [all] Error 2
